\BOOKMARK [0][-]{chapter*.2}{Svedka `Nemo' Manastorm Backstory}{}% 1
\BOOKMARK [1][-]{section*.3}{The Research of Xavius}{chapter*.2}% 2
\BOOKMARK [2][-]{section*.3}{A Love Extending Time and Space}{chapter*.2}% 3
\BOOKMARK [2][-]{section*.3}{Seeking an Unreachable Goal}{chapter*.2}% 4
\BOOKMARK [2][-]{section*.3}{Binding of Power and Soul}{chapter*.2}% 5
\BOOKMARK [2][-]{section*.3}{Awakening Near Deaths Touch}{chapter*.2}% 6
\BOOKMARK [2][-]{section*.3}{A New Hope}{chapter*.2}% 7
\BOOKMARK [2][-]{section*.3}{The Lone Spot of Civilization}{chapter*.2}% 8
\BOOKMARK [2][-]{section*.3}{Journey To A Barbarian Mind}{chapter*.2}% 9
\BOOKMARK [2][-]{section*.3}{A Decision of Remembrance}{chapter*.2}% 10
\BOOKMARK [0][-]{chapter*.4}{Skills and Features}{}% 11
\BOOKMARK [1][-]{section*.5}{Class Features}{chapter*.4}% 12
\BOOKMARK [2][-]{section*.5}{Ability Scores \(level 15\)}{chapter*.4}% 13
\BOOKMARK [2][-]{section*.5}{Traits}{chapter*.4}% 14
\BOOKMARK [2][-]{section*.5}{Barbarian Hit Points}{chapter*.4}% 15
\BOOKMARK [2][-]{section*.5}{Sorcerer Hit Points}{chapter*.4}% 16
\BOOKMARK [2][-]{section*.5}{Proficiencies}{chapter*.4}% 17
\BOOKMARK [2][-]{section*.5}{Equipment}{chapter*.4}% 18
\BOOKMARK [2][-]{section*.5}{Cantrips}{chapter*.4}% 19
\BOOKMARK [2][-]{section*.5}{Spells}{chapter*.4}% 20
\BOOKMARK [2][-]{section*.5}{Spellcasting Ability}{chapter*.4}% 21
\BOOKMARK [2][-]{section*.5}{Flexible Casting}{chapter*.4}% 22
\BOOKMARK [2][-]{section*.5}{Personality}{chapter*.4}% 23
\BOOKMARK [2][-]{section*.5}{Quotes}{chapter*.4}% 24
