This is pdfTeX, Version 3.141592653-2.6-1.40.22 (MiKTeX 21.2) (preloaded format=pdflatex 2021.10.8)  27 OCT 2021 12:54
entering extended mode
**"./story section.tex"
(story section.tex
LaTeX2e <2020-10-01> patch level 4
L3 programming layer <2021-02-18> xparse <2020-03-03>
(C:\Users\awtorode\AppData\Local\Programs\MiKTeX\tex/latex/base\article.cls
Document Class: article 2020/04/10 v1.4m Standard LaTeX document class
(C:\Users\awtorode\AppData\Local\Programs\MiKTeX\tex/latex/base\size10.clo
File: size10.clo 2020/04/10 v1.4m Standard LaTeX file (size option)
)
\c@part=\count179
\c@section=\count180
\c@subsection=\count181
\c@subsubsection=\count182
\c@paragraph=\count183
\c@subparagraph=\count184
\c@figure=\count185
\c@table=\count186
\abovecaptionskip=\skip47
\belowcaptionskip=\skip48
\bibindent=\dimen138
)
(C:\Users\awtorode\AppData\Local\Programs\MiKTeX\tex/latex/pdfpages\pdfpages.st
y
Package: pdfpages 2021/03/06 v0.5t Insert pages of external PDF documents (AM)
 (C:\Users\awtorode\AppData\Local\Programs\MiKTeX\tex/latex/base\ifthen.sty
Package: ifthen 2014/09/29 v1.1c Standard LaTeX ifthen package (DPC)
)
(C:\Users\awtorode\AppData\Local\Programs\MiKTeX\tex/latex/latex-tools\calc.sty
Package: calc 2017/05/25 v4.3 Infix arithmetic (KKT,FJ)
\calc@Acount=\count187
\calc@Bcount=\count188
\calc@Adimen=\dimen139
\calc@Bdimen=\dimen140
\calc@Askip=\skip49
\calc@Bskip=\skip50
LaTeX Info: Redefining \setlength on input line 80.
LaTeX Info: Redefining \addtolength on input line 81.
\calc@Ccount=\count189
\calc@Cskip=\skip51
)
(C:\Users\awtorode\AppData\Local\Programs\MiKTeX\tex/latex/eso-pic\eso-pic.sty
Package: eso-pic 2020/10/14 v3.0a eso-pic (RN)
\ESO@tempdima=\dimen141
\ESO@tempdimb=\dimen142

(C:\Users\awtorode\AppData\Local\Programs\MiKTeX\tex/latex/graphics\keyval.sty
Package: keyval 2014/10/28 v1.15 key=value parser (DPC)
\KV@toks@=\toks15
) (C:\Users\awtorode\AppData\Local\Programs\MiKTeX\tex/latex/xcolor\xcolor.sty
Package: xcolor 2016/05/11 v2.12 LaTeX color extensions (UK)

(C:\Users\awtorode\AppData\Local\Programs\MiKTeX\tex/latex/graphics-cfg\color.c
fg
File: color.cfg 2016/01/02 v1.6 sample color configuration
)
Package xcolor Info: Driver file: pdftex.def on input line 225.

(C:\Users\awtorode\AppData\Local\Programs\MiKTeX\tex/latex/graphics-def\pdftex.
def
File: pdftex.def 2020/10/05 v1.2a Graphics/color driver for pdftex
)
Package xcolor Info: Model `cmy' substituted by `cmy0' on input line 1348.
Package xcolor Info: Model `hsb' substituted by `rgb' on input line 1352.
Package xcolor Info: Model `RGB' extended on input line 1364.
Package xcolor Info: Model `HTML' substituted by `rgb' on input line 1366.
Package xcolor Info: Model `Hsb' substituted by `hsb' on input line 1367.
Package xcolor Info: Model `tHsb' substituted by `hsb' on input line 1368.
Package xcolor Info: Model `HSB' substituted by `hsb' on input line 1369.
Package xcolor Info: Model `Gray' substituted by `gray' on input line 1370.
Package xcolor Info: Model `wave' substituted by `hsb' on input line 1371.
))
(C:\Users\awtorode\AppData\Local\Programs\MiKTeX\tex/latex/graphics\graphicx.st
y
Package: graphicx 2020/09/09 v1.2b Enhanced LaTeX Graphics (DPC,SPQR)

(C:\Users\awtorode\AppData\Local\Programs\MiKTeX\tex/latex/graphics\graphics.st
y
Package: graphics 2020/08/30 v1.4c Standard LaTeX Graphics (DPC,SPQR)
 (C:\Users\awtorode\AppData\Local\Programs\MiKTeX\tex/latex/graphics\trig.sty
Package: trig 2016/01/03 v1.10 sin cos tan (DPC)
)
(C:\Users\awtorode\AppData\Local\Programs\MiKTeX\tex/latex/graphics-cfg\graphic
s.cfg
File: graphics.cfg 2016/06/04 v1.11 sample graphics configuration
)
Package graphics Info: Driver file: pdftex.def on input line 105.
)
\Gin@req@height=\dimen143
\Gin@req@width=\dimen144
)
\AM@pagewidth=\dimen145
\AM@pageheight=\dimen146
\AM@fboxrule=\dimen147

(C:\Users\awtorode\AppData\Local\Programs\MiKTeX\tex/latex/pdfpages\pppdftex.de
f
File: pppdftex.def 2021/03/06 v0.5t Pdfpages driver for pdfTeX (AM)
)
\pdfpages@includegraphics@status=\count190
\AM@pagebox=\box47
\AM@global@opts=\toks16
\AM@pagecnt=\count191
\AM@toc@title=\toks17
\c@AM@survey=\count192
\AM@templatesizebox=\box48
)
(C:\Users\awtorode\AppData\Local\Programs\MiKTeX\tex/latex/l3backend\l3backend-
pdftex.def
File: l3backend-pdftex.def 2021-02-18 L3 backend support: PDF output (pdfTeX)
\l__color_backend_stack_int=\count193
\l__pdf_internal_box=\box49
) (story section.aux)
\openout1 = `"story section.aux"'.

LaTeX Font Info:    Checking defaults for OML/cmm/m/it on input line 10.
LaTeX Font Info:    ... okay on input line 10.
LaTeX Font Info:    Checking defaults for OMS/cmsy/m/n on input line 10.
LaTeX Font Info:    ... okay on input line 10.
LaTeX Font Info:    Checking defaults for OT1/cmr/m/n on input line 10.
LaTeX Font Info:    ... okay on input line 10.
LaTeX Font Info:    Checking defaults for T1/cmr/m/n on input line 10.
LaTeX Font Info:    ... okay on input line 10.
LaTeX Font Info:    Checking defaults for TS1/cmr/m/n on input line 10.
LaTeX Font Info:    ... okay on input line 10.
LaTeX Font Info:    Checking defaults for OMX/cmex/m/n on input line 10.
LaTeX Font Info:    ... okay on input line 10.
LaTeX Font Info:    Checking defaults for U/cmr/m/n on input line 10.
LaTeX Font Info:    ... okay on input line 10.

(C:\Users\awtorode\AppData\Local\Programs\MiKTeX\tex/context/base/mkii\supp-pdf
.mkii
[Loading MPS to PDF converter (version 2006.09.02).]
\scratchcounter=\count194
\scratchdimen=\dimen148
\scratchbox=\box50
\nofMPsegments=\count195
\nofMParguments=\count196
\everyMPshowfont=\toks18
\MPscratchCnt=\count197
\MPscratchDim=\dimen149
\MPnumerator=\count198
\makeMPintoPDFobject=\count199
\everyMPtoPDFconversion=\toks19
)
(C:\Users\awtorode\AppData\Local\Programs\MiKTeX\tex/latex/epstopdf-pkg\epstopd
f-base.sty
Package: epstopdf-base 2020-01-24 v2.11 Base part for package epstopdf
Package epstopdf-base Info: Redefining graphics rule for `.eps' on input line 4
85.
)
(C:\Users\awtorode\AppData\Local\Programs\MiKTeX\tex/latex/pdflscape\pdflscape.
sty
Package: pdflscape 2019/12/05 v0.12 Display of landscape pages in PDF (HO)

(C:\Users\awtorode\AppData\Local\Programs\MiKTeX\tex/generic/iftex\iftex.sty
Package: iftex 2020/03/06 v1.0d TeX engine tests
)
(C:\Users\awtorode\AppData\Local\Programs\MiKTeX\tex/latex/graphics\lscape.sty
Package: lscape 2020/05/28 v3.02 Landscape Pages (DPC)
)
Package pdflscape Info: Auto-detected driver: pdftex on input line 81.
)
<Trinity Stones.pdf, id=1, 614.295pt x 794.97pt>
File: Trinity Stones.pdf Graphic file (type pdf)
<use Trinity Stones.pdf>
Package pdftex.def Info: Trinity Stones.pdf  used on input line 12.
(pdftex.def)             Requested size: 614.29349pt x 794.96806pt.
File: Trinity Stones.pdf Graphic file (type pdf)
<use Trinity Stones.pdf>
Package pdftex.def Info: Trinity Stones.pdf  used on input line 12.
(pdftex.def)             Requested size: 614.29349pt x 794.96806pt.
<Trinity Stones.pdf, id=4, page=110, 614.295pt x 794.97pt>
File: Trinity Stones.pdf Graphic file (type pdf)
<use Trinity Stones.pdf, page 110>
Package pdftex.def Info: Trinity Stones.pdf , page110 used on input line 12.
(pdftex.def)             Requested size: 614.29349pt x 794.96806pt.
File: Trinity Stones.pdf Graphic file (type pdf)
<use Trinity Stones.pdf, page 110>
Package pdftex.def Info: Trinity Stones.pdf , page110 used on input line 12.
(pdftex.def)             Requested size: 614.58406pt x 795.3441pt.
File: Trinity Stones.pdf Graphic file (type pdf)
<use Trinity Stones.pdf, page 110>
Package pdftex.def Info: Trinity Stones.pdf , page110 used on input line 12.
(pdftex.def)             Requested size: 614.58406pt x 795.3441pt.
File: Trinity Stones.pdf Graphic file (type pdf)
<use Trinity Stones.pdf, page 110>
Package pdftex.def Info: Trinity Stones.pdf , page110 used on input line 12.
(pdftex.def)             Requested size: 614.58406pt x 795.3441pt.
File: Trinity Stones.pdf Graphic file (type pdf)
<use Trinity Stones.pdf, page 110>
Package pdftex.def Info: Trinity Stones.pdf , page110 used on input line 12.
(pdftex.def)             Requested size: 614.58406pt x 795.3441pt.
 [1

 <./Trinity Stones.pdf{C:/Users/awtorode/AppData/Local/MiKTeX/pdftex/config/pdf
tex.map}>]
<Trinity Stones.pdf, id=19, page=111, 614.295pt x 794.97pt>
File: Trinity Stones.pdf Graphic file (type pdf)
<use Trinity Stones.pdf, page 111>
Package pdftex.def Info: Trinity Stones.pdf , page111 used on input line 12.
(pdftex.def)             Requested size: 614.58406pt x 795.3441pt.
File: Trinity Stones.pdf Graphic file (type pdf)
<use Trinity Stones.pdf, page 111>
Package pdftex.def Info: Trinity Stones.pdf , page111 used on input line 12.
(pdftex.def)             Requested size: 614.58406pt x 795.3441pt.
File: Trinity Stones.pdf Graphic file (type pdf)
<use Trinity Stones.pdf, page 111>
Package pdftex.def Info: Trinity Stones.pdf , page111 used on input line 12.
(pdftex.def)             Requested size: 614.58406pt x 795.3441pt.
 [2 <./Trinity Stones.pdf>]
<Trinity Stones.pdf, id=23, page=112, 614.295pt x 794.97pt>
File: Trinity Stones.pdf Graphic file (type pdf)
<use Trinity Stones.pdf, page 112>
Package pdftex.def Info: Trinity Stones.pdf , page112 used on input line 12.
(pdftex.def)             Requested size: 614.58406pt x 795.3441pt.
File: Trinity Stones.pdf Graphic file (type pdf)
<use Trinity Stones.pdf, page 112>
Package pdftex.def Info: Trinity Stones.pdf , page112 used on input line 12.
(pdftex.def)             Requested size: 614.58406pt x 795.3441pt.
File: Trinity Stones.pdf Graphic file (type pdf)
<use Trinity Stones.pdf, page 112>
Package pdftex.def Info: Trinity Stones.pdf , page112 used on input line 12.
(pdftex.def)             Requested size: 614.58406pt x 795.3441pt.
 [3 <./Trinity Stones.pdf>]
<Trinity Stones.pdf, id=27, page=113, 614.295pt x 794.97pt>
File: Trinity Stones.pdf Graphic file (type pdf)
<use Trinity Stones.pdf, page 113>
Package pdftex.def Info: Trinity Stones.pdf , page113 used on input line 12.
(pdftex.def)             Requested size: 614.58406pt x 795.3441pt.
File: Trinity Stones.pdf Graphic file (type pdf)
<use Trinity Stones.pdf, page 113>
Package pdftex.def Info: Trinity Stones.pdf , page113 used on input line 12.
(pdftex.def)             Requested size: 614.58406pt x 795.3441pt.
File: Trinity Stones.pdf Graphic file (type pdf)
<use Trinity Stones.pdf, page 113>
Package pdftex.def Info: Trinity Stones.pdf , page113 used on input line 12.
(pdftex.def)             Requested size: 614.58406pt x 795.3441pt.
 [4 <./Trinity Stones.pdf>]
<Trinity Stones.pdf, id=38, page=114, 614.295pt x 794.97pt>
File: Trinity Stones.pdf Graphic file (type pdf)
<use Trinity Stones.pdf, page 114>
Package pdftex.def Info: Trinity Stones.pdf , page114 used on input line 12.
(pdftex.def)             Requested size: 614.58406pt x 795.3441pt.
File: Trinity Stones.pdf Graphic file (type pdf)
<use Trinity Stones.pdf, page 114>
Package pdftex.def Info: Trinity Stones.pdf , page114 used on input line 12.
(pdftex.def)             Requested size: 614.58406pt x 795.3441pt.
File: Trinity Stones.pdf Graphic file (type pdf)
<use Trinity Stones.pdf, page 114>
Package pdftex.def Info: Trinity Stones.pdf , page114 used on input line 12.
(pdftex.def)             Requested size: 614.58406pt x 795.3441pt.
 [5 <./Trinity Stones.pdf>]
<Trinity Stones.pdf, id=42, page=115, 614.295pt x 794.97pt>
File: Trinity Stones.pdf Graphic file (type pdf)
<use Trinity Stones.pdf, page 115>
Package pdftex.def Info: Trinity Stones.pdf , page115 used on input line 12.
(pdftex.def)             Requested size: 614.58406pt x 795.3441pt.
File: Trinity Stones.pdf Graphic file (type pdf)
<use Trinity Stones.pdf, page 115>
Package pdftex.def Info: Trinity Stones.pdf , page115 used on input line 12.
(pdftex.def)             Requested size: 614.58406pt x 795.3441pt.
File: Trinity Stones.pdf Graphic file (type pdf)
<use Trinity Stones.pdf, page 115>
Package pdftex.def Info: Trinity Stones.pdf , page115 used on input line 12.
(pdftex.def)             Requested size: 614.58406pt x 795.3441pt.
 [6 <./Trinity Stones.pdf>]
<Trinity Stones.pdf, id=46, page=116, 614.295pt x 794.97pt>
File: Trinity Stones.pdf Graphic file (type pdf)
<use Trinity Stones.pdf, page 116>
Package pdftex.def Info: Trinity Stones.pdf , page116 used on input line 12.
(pdftex.def)             Requested size: 614.58406pt x 795.3441pt.
File: Trinity Stones.pdf Graphic file (type pdf)
<use Trinity Stones.pdf, page 116>
Package pdftex.def Info: Trinity Stones.pdf , page116 used on input line 12.
(pdftex.def)             Requested size: 614.58406pt x 795.3441pt.
File: Trinity Stones.pdf Graphic file (type pdf)
<use Trinity Stones.pdf, page 116>
Package pdftex.def Info: Trinity Stones.pdf , page116 used on input line 12.
(pdftex.def)             Requested size: 614.58406pt x 795.3441pt.
 [7 <./Trinity Stones.pdf>]
<Trinity Stones.pdf, id=51, page=117, 614.295pt x 794.97pt>
File: Trinity Stones.pdf Graphic file (type pdf)
<use Trinity Stones.pdf, page 117>
Package pdftex.def Info: Trinity Stones.pdf , page117 used on input line 12.
(pdftex.def)             Requested size: 614.58406pt x 795.3441pt.
File: Trinity Stones.pdf Graphic file (type pdf)
<use Trinity Stones.pdf, page 117>
Package pdftex.def Info: Trinity Stones.pdf , page117 used on input line 12.
(pdftex.def)             Requested size: 614.58406pt x 795.3441pt.
File: Trinity Stones.pdf Graphic file (type pdf)
<use Trinity Stones.pdf, page 117>
Package pdftex.def Info: Trinity Stones.pdf , page117 used on input line 12.
(pdftex.def)             Requested size: 614.58406pt x 795.3441pt.
 [8 <./Trinity Stones.pdf>]
<Trinity Stones.pdf, id=55, page=118, 614.295pt x 794.97pt>
File: Trinity Stones.pdf Graphic file (type pdf)
<use Trinity Stones.pdf, page 118>
Package pdftex.def Info: Trinity Stones.pdf , page118 used on input line 12.
(pdftex.def)             Requested size: 614.58406pt x 795.3441pt.
File: Trinity Stones.pdf Graphic file (type pdf)
<use Trinity Stones.pdf, page 118>
Package pdftex.def Info: Trinity Stones.pdf , page118 used on input line 12.
(pdftex.def)             Requested size: 614.58406pt x 795.3441pt.
File: Trinity Stones.pdf Graphic file (type pdf)
<use Trinity Stones.pdf, page 118>
Package pdftex.def Info: Trinity Stones.pdf , page118 used on input line 12.
(pdftex.def)             Requested size: 614.58406pt x 795.3441pt.
 [9 <./Trinity Stones.pdf>]
<Trinity Stones.pdf, id=59, page=119, 614.295pt x 794.97pt>
File: Trinity Stones.pdf Graphic file (type pdf)
<use Trinity Stones.pdf, page 119>
Package pdftex.def Info: Trinity Stones.pdf , page119 used on input line 12.
(pdftex.def)             Requested size: 614.58406pt x 795.3441pt.
File: Trinity Stones.pdf Graphic file (type pdf)
<use Trinity Stones.pdf, page 119>
Package pdftex.def Info: Trinity Stones.pdf , page119 used on input line 12.
(pdftex.def)             Requested size: 614.58406pt x 795.3441pt.
File: Trinity Stones.pdf Graphic file (type pdf)
<use Trinity Stones.pdf, page 119>
Package pdftex.def Info: Trinity Stones.pdf , page119 used on input line 12.
(pdftex.def)             Requested size: 614.58406pt x 795.3441pt.

[10 <./Trinity Stones.pdf>]
<Trinity Stones.pdf, id=63, page=120, 614.295pt x 794.97pt>
File: Trinity Stones.pdf Graphic file (type pdf)
<use Trinity Stones.pdf, page 120>
Package pdftex.def Info: Trinity Stones.pdf , page120 used on input line 12.
(pdftex.def)             Requested size: 614.58406pt x 795.3441pt.
File: Trinity Stones.pdf Graphic file (type pdf)
<use Trinity Stones.pdf, page 120>
Package pdftex.def Info: Trinity Stones.pdf , page120 used on input line 12.
(pdftex.def)             Requested size: 614.58406pt x 795.3441pt.
File: Trinity Stones.pdf Graphic file (type pdf)
<use Trinity Stones.pdf, page 120>
Package pdftex.def Info: Trinity Stones.pdf , page120 used on input line 12.
(pdftex.def)             Requested size: 614.58406pt x 795.3441pt.
 [11 <./Trinity Stones.pdf>]
<Trinity Stones.pdf, id=67, page=121, 614.295pt x 794.97pt>
File: Trinity Stones.pdf Graphic file (type pdf)
<use Trinity Stones.pdf, page 121>
Package pdftex.def Info: Trinity Stones.pdf , page121 used on input line 12.
(pdftex.def)             Requested size: 614.58406pt x 795.3441pt.
File: Trinity Stones.pdf Graphic file (type pdf)
<use Trinity Stones.pdf, page 121>
Package pdftex.def Info: Trinity Stones.pdf , page121 used on input line 12.
(pdftex.def)             Requested size: 614.58406pt x 795.3441pt.
File: Trinity Stones.pdf Graphic file (type pdf)
<use Trinity Stones.pdf, page 121>
Package pdftex.def Info: Trinity Stones.pdf , page121 used on input line 12.
(pdftex.def)             Requested size: 614.58406pt x 795.3441pt.
 [12 <./Trinity Stones.pdf>]
<Trinity Stones.pdf, id=71, page=122, 614.295pt x 794.97pt>
File: Trinity Stones.pdf Graphic file (type pdf)
<use Trinity Stones.pdf, page 122>
Package pdftex.def Info: Trinity Stones.pdf , page122 used on input line 12.
(pdftex.def)             Requested size: 614.58406pt x 795.3441pt.
File: Trinity Stones.pdf Graphic file (type pdf)
<use Trinity Stones.pdf, page 122>
Package pdftex.def Info: Trinity Stones.pdf , page122 used on input line 12.
(pdftex.def)             Requested size: 614.58406pt x 795.3441pt.
File: Trinity Stones.pdf Graphic file (type pdf)
<use Trinity Stones.pdf, page 122>
Package pdftex.def Info: Trinity Stones.pdf , page122 used on input line 12.
(pdftex.def)             Requested size: 614.58406pt x 795.3441pt.
 [13 <./Trinity Stones.pdf>]
<Trinity Stones.pdf, id=76, page=123, 614.295pt x 794.97pt>
File: Trinity Stones.pdf Graphic file (type pdf)
<use Trinity Stones.pdf, page 123>
Package pdftex.def Info: Trinity Stones.pdf , page123 used on input line 12.
(pdftex.def)             Requested size: 614.58406pt x 795.3441pt.
File: Trinity Stones.pdf Graphic file (type pdf)
<use Trinity Stones.pdf, page 123>
Package pdftex.def Info: Trinity Stones.pdf , page123 used on input line 12.
(pdftex.def)             Requested size: 614.58406pt x 795.3441pt.
File: Trinity Stones.pdf Graphic file (type pdf)
<use Trinity Stones.pdf, page 123>
Package pdftex.def Info: Trinity Stones.pdf , page123 used on input line 12.
(pdftex.def)             Requested size: 614.58406pt x 795.3441pt.
 [14 <./Trinity Stones.pdf>]
<Trinity Stones.pdf, id=80, page=124, 614.295pt x 794.97pt>
File: Trinity Stones.pdf Graphic file (type pdf)
<use Trinity Stones.pdf, page 124>
Package pdftex.def Info: Trinity Stones.pdf , page124 used on input line 12.
(pdftex.def)             Requested size: 614.58406pt x 795.3441pt.
File: Trinity Stones.pdf Graphic file (type pdf)
<use Trinity Stones.pdf, page 124>
Package pdftex.def Info: Trinity Stones.pdf , page124 used on input line 12.
(pdftex.def)             Requested size: 614.58406pt x 795.3441pt.
File: Trinity Stones.pdf Graphic file (type pdf)
<use Trinity Stones.pdf, page 124>
Package pdftex.def Info: Trinity Stones.pdf , page124 used on input line 12.
(pdftex.def)             Requested size: 614.58406pt x 795.3441pt.
 [15 <./Trinity Stones.pdf>]
<Trinity Stones.pdf, id=84, page=125, 614.295pt x 794.97pt>
File: Trinity Stones.pdf Graphic file (type pdf)
<use Trinity Stones.pdf, page 125>
Package pdftex.def Info: Trinity Stones.pdf , page125 used on input line 12.
(pdftex.def)             Requested size: 614.58406pt x 795.3441pt.
File: Trinity Stones.pdf Graphic file (type pdf)
<use Trinity Stones.pdf, page 125>
Package pdftex.def Info: Trinity Stones.pdf , page125 used on input line 12.
(pdftex.def)             Requested size: 614.58406pt x 795.3441pt.
File: Trinity Stones.pdf Graphic file (type pdf)
<use Trinity Stones.pdf, page 125>
Package pdftex.def Info: Trinity Stones.pdf , page125 used on input line 12.
(pdftex.def)             Requested size: 614.58406pt x 795.3441pt.
 [16 <./Trinity Stones.pdf>]
<Trinity Stones.pdf, id=88, page=126, 614.295pt x 794.97pt>
File: Trinity Stones.pdf Graphic file (type pdf)
<use Trinity Stones.pdf, page 126>
Package pdftex.def Info: Trinity Stones.pdf , page126 used on input line 12.
(pdftex.def)             Requested size: 614.58406pt x 795.3441pt.
File: Trinity Stones.pdf Graphic file (type pdf)
<use Trinity Stones.pdf, page 126>
Package pdftex.def Info: Trinity Stones.pdf , page126 used on input line 12.
(pdftex.def)             Requested size: 614.58406pt x 795.3441pt.
File: Trinity Stones.pdf Graphic file (type pdf)
<use Trinity Stones.pdf, page 126>
Package pdftex.def Info: Trinity Stones.pdf , page126 used on input line 12.
(pdftex.def)             Requested size: 614.58406pt x 795.3441pt.
 [17 <./Trinity Stones.pdf>]
<Trinity Stones.pdf, id=92, page=127, 614.295pt x 794.97pt>
File: Trinity Stones.pdf Graphic file (type pdf)
<use Trinity Stones.pdf, page 127>
Package pdftex.def Info: Trinity Stones.pdf , page127 used on input line 12.
(pdftex.def)             Requested size: 614.58406pt x 795.3441pt.
File: Trinity Stones.pdf Graphic file (type pdf)
<use Trinity Stones.pdf, page 127>
Package pdftex.def Info: Trinity Stones.pdf , page127 used on input line 12.
(pdftex.def)             Requested size: 614.58406pt x 795.3441pt.
File: Trinity Stones.pdf Graphic file (type pdf)
<use Trinity Stones.pdf, page 127>
Package pdftex.def Info: Trinity Stones.pdf , page127 used on input line 12.
(pdftex.def)             Requested size: 614.58406pt x 795.3441pt.
 [18 <./Trinity Stones.pdf>]
<Trinity Stones.pdf, id=96, page=128, 614.295pt x 794.97pt>
File: Trinity Stones.pdf Graphic file (type pdf)
<use Trinity Stones.pdf, page 128>
Package pdftex.def Info: Trinity Stones.pdf , page128 used on input line 12.
(pdftex.def)             Requested size: 614.58406pt x 795.3441pt.
File: Trinity Stones.pdf Graphic file (type pdf)
<use Trinity Stones.pdf, page 128>
Package pdftex.def Info: Trinity Stones.pdf , page128 used on input line 12.
(pdftex.def)             Requested size: 614.58406pt x 795.3441pt.
File: Trinity Stones.pdf Graphic file (type pdf)
<use Trinity Stones.pdf, page 128>
Package pdftex.def Info: Trinity Stones.pdf , page128 used on input line 12.
(pdftex.def)             Requested size: 614.58406pt x 795.3441pt.
 [19 <./Trinity Stones.pdf>]
<Trinity Stones.pdf, id=101, page=129, 614.295pt x 794.97pt>
File: Trinity Stones.pdf Graphic file (type pdf)
<use Trinity Stones.pdf, page 129>
Package pdftex.def Info: Trinity Stones.pdf , page129 used on input line 12.
(pdftex.def)             Requested size: 614.58406pt x 795.3441pt.
File: Trinity Stones.pdf Graphic file (type pdf)
<use Trinity Stones.pdf, page 129>
Package pdftex.def Info: Trinity Stones.pdf , page129 used on input line 12.
(pdftex.def)             Requested size: 614.58406pt x 795.3441pt.
File: Trinity Stones.pdf Graphic file (type pdf)
<use Trinity Stones.pdf, page 129>
Package pdftex.def Info: Trinity Stones.pdf , page129 used on input line 12.
(pdftex.def)             Requested size: 614.58406pt x 795.3441pt.
 [20 <./Trinity Stones.pdf>]
<Trinity Stones.pdf, id=105, page=130, 614.295pt x 794.97pt>
File: Trinity Stones.pdf Graphic file (type pdf)
<use Trinity Stones.pdf, page 130>
Package pdftex.def Info: Trinity Stones.pdf , page130 used on input line 12.
(pdftex.def)             Requested size: 614.58406pt x 795.3441pt.
File: Trinity Stones.pdf Graphic file (type pdf)
<use Trinity Stones.pdf, page 130>
Package pdftex.def Info: Trinity Stones.pdf , page130 used on input line 12.
(pdftex.def)             Requested size: 614.58406pt x 795.3441pt.
File: Trinity Stones.pdf Graphic file (type pdf)
<use Trinity Stones.pdf, page 130>
Package pdftex.def Info: Trinity Stones.pdf , page130 used on input line 12.
(pdftex.def)             Requested size: 614.58406pt x 795.3441pt.
 [21 <./Trinity Stones.pdf>] (story section.aux) ) 
Here is how much of TeX's memory you used:
 2550 strings out of 479334
 39876 string characters out of 2855659
 328258 words of memory out of 3000000
 20016 multiletter control sequences out of 15000+200000
 403430 words of font info for 27 fonts, out of 3000000 for 9000
 1141 hyphenation exceptions out of 8191
 83i,17n,88p,234b,424s stack positions out of 5000i,500n,10000p,200000b,50000s
<C:/Users/awtorode/AppData/Lo
cal/Programs/MiKTeX/fonts/type1/urw/bookman/ubkl8a.pfb>
Output written on "story section.pdf" (21 pages, 1748477 bytes).
PDF statistics:
 112 PDF objects out of 1000 (max. 8388607)
 0 named destinations out of 1000 (max. 500000)
 121 words of extra memory for PDF output out of 10000 (max. 10000000)

