\BOOKMARK [0][-]{chapter*.2}{The Trinity Stones: History}{}% 1
\BOOKMARK [1][-]{section*.3}{Creation of a Trinity}{chapter*.2}% 2
\BOOKMARK [1][-]{section*.3}{Creation of the Stones}{chapter*.2}% 3
\BOOKMARK [0][-]{chapter*.4}{The Celestials and Ancient History}{}% 4
\BOOKMARK [1][-]{section*.5}{The Celestial Guard}{chapter*.4}% 5
\BOOKMARK [1][-]{section*.5}{The Space Stone}{chapter*.4}% 6
\BOOKMARK [1][-]{section*.5}{The Matter Stone}{chapter*.4}% 7
\BOOKMARK [1][-]{section*.5}{The Time Stone}{chapter*.4}% 8
\BOOKMARK [1][-]{section*.5}{The Celestials}{chapter*.4}% 9
\BOOKMARK [1][-]{Item.5}{Myrddin}{chapter*.4}% 10
\BOOKMARK [1][-]{Item.5}{Morgana}{chapter*.4}% 11
\BOOKMARK [2][-]{section*.6}{Morgana Lore in the Campaign}{Item.5}% 12
\BOOKMARK [0][-]{chapter*.7}{The Campaign}{}% 13
\BOOKMARK [1][-]{section*.8}{Tempestas}{chapter*.7}% 14
\BOOKMARK [2][-]{section*.8}{Journey to Aurushire}{chapter*.7}% 15
\BOOKMARK [2][-]{section*.8}{Baba}{chapter*.7}% 16
\BOOKMARK [3][-]{section*.9}{The Halls of No End}{section*.8}% 17
\BOOKMARK [2][-]{section*.9}{Yaga}{chapter*.7}% 18
\BOOKMARK [2][-]{section*.9}{The Eternal Neokoros}{chapter*.7}% 19
\BOOKMARK [0][-]{chapter*.10}{The Zones}{}% 20
\BOOKMARK [1][-]{section*.11}{Orilla}{chapter*.10}% 21
\BOOKMARK [2][-]{section*.11}{Regions}{chapter*.10}% 22
\BOOKMARK [3][-]{section*.12}{Azeroth}{section*.11}% 23
\BOOKMARK [3][-]{section*.12}{Degobah}{section*.11}% 24
\BOOKMARK [3][-]{section*.12}{Kalimdor}{section*.11}% 25
\BOOKMARK [3][-]{section*.12}{Tel'Drassil}{section*.11}% 26
\BOOKMARK [3][-]{section*.12}{Abydos}{section*.11}% 27
\BOOKMARK [3][-]{section*.12}{Vulcan}{section*.11}% 28
\BOOKMARK [3][-]{section*.12}{Tatooine}{section*.11}% 29
\BOOKMARK [3][-]{section*.12}{Korriban}{section*.11}% 30
\BOOKMARK [3][-]{section*.12}{Krypton}{section*.11}% 31
\BOOKMARK [3][-]{section*.12}{Sahal}{section*.11}% 32
\BOOKMARK [3][-]{section*.12}{Tuchanka}{section*.11}% 33
\BOOKMARK [3][-]{section*.12}{Pandora}{section*.11}% 34
\BOOKMARK [3][-]{section*.12}{Babylonia}{section*.11}% 35
\BOOKMARK [3][-]{section*.12}{Vagonbrei}{section*.11}% 36
\BOOKMARK [3][-]{section*.12}{Statu}{section*.11}% 37
\BOOKMARK [3][-]{section*.12}{Telos}{section*.11}% 38
\BOOKMARK [3][-]{section*.12}{Nibiru}{section*.11}% 39
\BOOKMARK [3][-]{section*.12}{Kashyyyk}{section*.11}% 40
\BOOKMARK [3][-]{section*.12}{Castiana}{section*.11}% 41
\BOOKMARK [3][-]{section*.12}{Zebes}{section*.11}% 42
\BOOKMARK [1][-]{section*.12}{Tempestas}{chapter*.10}% 43
\BOOKMARK [1][-]{section*.12}{Tempestas}{chapter*.10}% 44
\BOOKMARK [2][-]{Item.65}{Tempestas Hierarchy}{section*.12}% 45
\BOOKMARK [2][-]{Item.87}{Brawlers Guild}{section*.12}% 46
\BOOKMARK [1][-]{Item.87}{The Statu Peninsula}{chapter*.10}% 47
\BOOKMARK [1][-]{Item.87}{The Eternal Marsh}{chapter*.10}% 48
\BOOKMARK [1][-]{Item.87}{Aurushire}{chapter*.10}% 49
\BOOKMARK [2][-]{section*.13}{NPC's}{Item.87}% 50
\BOOKMARK [2][-]{section*.13}{The Inn of the Prancing Pony}{Item.87}% 51
\BOOKMARK [2][-]{section*.13}{Tracey's Armory}{Item.87}% 52
\BOOKMARK [2][-]{section*.13}{Bob's Guns}{Item.87}% 53
\BOOKMARK [2][-]{section*.13}{Stormstout Blacksmith}{Item.87}% 54
\BOOKMARK [2][-]{section*.13}{Stormstout Pub}{Item.87}% 55
\BOOKMARK [2][-]{section*.13}{Stormstout Quarries}{Item.87}% 56
\BOOKMARK [2][-]{section*.13}{Library of Lysanias}{Item.87}% 57
\BOOKMARK [1][-]{section*.13}{Rem Silva}{chapter*.10}% 58
\BOOKMARK [2][-]{section*.14}{NPC's/Modified Creatures}{section*.13}% 59
\BOOKMARK [1][-]{Item.91}{The Pluvian Forest}{chapter*.10}% 60
\BOOKMARK [2][-]{section*.15}{About the Region}{Item.91}% 61
\BOOKMARK [3][-]{section*.15}{Unique Forest Dynamics}{Item.91}% 62
\BOOKMARK [3][-]{section*.15}{Navigating The Pluvian Forest}{Item.91}% 63
\BOOKMARK [2][-]{section*.15}{NPC's}{Item.91}% 64
\BOOKMARK [2][-]{section*.15}{Encounters and Discoveries}{Item.91}% 65
\BOOKMARK [2][-]{section*.15}{Trinity Dragons}{Item.91}% 66
\BOOKMARK [2][-]{section*.15}{Xi'ra}{Item.91}% 67
\BOOKMARK [1][-]{section*.15}{Karazhan}{chapter*.10}% 68
\BOOKMARK [2][-]{section*.16}{About the zone}{section*.15}% 69
\BOOKMARK [3][-]{section*.16}{Entrance and Livery Stables}{section*.15}% 70
\BOOKMARK [3][-]{section*.16}{The Royal Ballroom and Opera Hall}{section*.15}% 71
\BOOKMARK [3][-]{section*.16}{The Broken Stairs}{section*.15}% 72
\BOOKMARK [3][-]{section*.16}{The Menagerie and The Guardians Library}{section*.15}% 73
\BOOKMARK [3][-]{section*.16}{The Observatory}{section*.15}% 74
\BOOKMARK [3][-]{section*.16}{The Chaotic Chess Chamber \(Sorcerer's Chess\)}{section*.15}% 75
\BOOKMARK [3][-]{section*.16}{Medivh's Chambers}{section*.15}% 76
\BOOKMARK [3][-]{section*.16}{Netherspace}{section*.15}% 77
\BOOKMARK [1][-]{section*.16}{Spati Aethereu Thalamun}{chapter*.10}% 78
\BOOKMARK [1][-]{section*.16}{Auru Convallis}{chapter*.10}% 79
\BOOKMARK [1][-]{section*.16}{Endor \(Moon\)}{chapter*.10}% 80
\BOOKMARK [0][-]{chapter*.17}{Class Weapons}{}% 81
\BOOKMARK [1][-]{section*.18}{Introduction to Class Weapons}{chapter*.17}% 82
\BOOKMARK [1][-]{section*.18}{Rogue Class Weapons}{chapter*.17}% 83
\BOOKMARK [2][-]{section*.19}{The Kingslayers}{section*.18}% 84
\BOOKMARK [3][-]{section*.19}{Potential}{section*.18}% 85
\BOOKMARK [3][-]{section*.19}{Finding The Kingslayers}{section*.18}% 86
\BOOKMARK [1][-]{section*.19}{Warlock Class Weapons}{chapter*.17}% 87
\BOOKMARK [2][-]{section*.20}{Spine of the Condemned}{section*.19}% 88
\BOOKMARK [3][-]{section*.20}{Potential}{section*.19}% 89
\BOOKMARK [3][-]{section*.20}{Finding the Spine of the Condemned}{section*.19}% 90
\BOOKMARK [1][-]{section*.20}{Druid Class Weapons}{chapter*.17}% 91
\BOOKMARK [2][-]{section*.21}{Staff of Elune}{section*.20}% 92
\BOOKMARK [3][-]{section*.21}{Potential}{section*.20}% 93
\BOOKMARK [3][-]{section*.21}{Finding the Staff of Elune}{section*.20}% 94
\BOOKMARK [1][-]{section*.21}{Barbarian Class Weapons}{chapter*.17}% 95
\BOOKMARK [2][-]{section*.22}{Strom'kar the Warbreaker}{section*.21}% 96
\BOOKMARK [3][-]{section*.22}{Potential}{section*.21}% 97
\BOOKMARK [3][-]{section*.22}{Finding Strom'kar the Warbreaker}{section*.21}% 98
\BOOKMARK [1][-]{section*.22}{Paladin Class Weapons}{chapter*.17}% 99
\BOOKMARK [2][-]{section*.23}{Ashbringer}{section*.22}% 100
\BOOKMARK [3][-]{section*.23}{Potential}{section*.22}% 101
\BOOKMARK [3][-]{section*.23}{Finding Ashbringer}{section*.22}% 102
\BOOKMARK [1][-]{section*.23}{Grim Reaper Class Weapons}{chapter*.17}% 103
\BOOKMARK [2][-]{section*.24}{Scythe of the Unmaker}{section*.23}% 104
\BOOKMARK [3][-]{section*.24}{Potential}{section*.23}% 105
\BOOKMARK [3][-]{Item.94}{Finding the Scythe of the Unmaker}{section*.23}% 106
\BOOKMARK [1][-]{Item.94}{Cleric Class Weapons}{chapter*.17}% 107
\BOOKMARK [2][-]{section*.25}{Chalice of Light}{Item.94}% 108
\BOOKMARK [3][-]{section*.25}{Potential}{Item.94}% 109
\BOOKMARK [3][-]{section*.25}{Finding the Chalice of Light}{Item.94}% 110
\BOOKMARK [0][-]{chapter*.26}{Campaign Quests and Side Stories}{}% 111
\BOOKMARK [1][-]{section*.27}{The 'Escape' of Dastan}{chapter*.26}% 112
\BOOKMARK [1][-]{Item.98}{Avalon}{chapter*.26}% 113
\BOOKMARK [1][-]{Item.98}{Camelot and the San'graal}{chapter*.26}% 114
\BOOKMARK [1][-]{Item.98}{Emporium of Grotto}{chapter*.26}% 115
\BOOKMARK [1][-]{Item.98}{Distress of Tel'Drassil}{chapter*.26}% 116
\BOOKMARK [1][-]{Item.98}{The Great Journey}{chapter*.26}% 117
\BOOKMARK [2][-]{section*.28}{The Eternal Neokoros Future Warning}{Item.98}% 118
\BOOKMARK [3][-]{section*.28}{Future events}{Item.98}% 119
\BOOKMARK [3][-]{section*.28}{Past events}{Item.98}% 120
\BOOKMARK [0][-]{chapter*.29}{Campaign Items and Resources}{}% 121
\BOOKMARK [1][-]{section*.30}{Book of Celestas}{chapter*.29}% 122
\BOOKMARK [2][-]{section*.30}{Introduction}{chapter*.29}% 123
\BOOKMARK [2][-]{section*.30}{Origin}{chapter*.29}% 124
\BOOKMARK [2][-]{section*.30}{Celestial decree}{chapter*.29}% 125
\BOOKMARK [2][-]{section*.30}{Aroden}{chapter*.29}% 126
\BOOKMARK [2][-]{section*.30}{Divine Instructions}{chapter*.29}% 127
\BOOKMARK [2][-]{section*.30}{Ether}{chapter*.29}% 128
\BOOKMARK [2][-]{section*.30}{Toldath of Gigikei}{chapter*.29}% 129
\BOOKMARK [2][-]{section*.30}{Markon}{chapter*.29}% 130
\BOOKMARK [2][-]{section*.30}{Petrias}{chapter*.29}% 131
\BOOKMARK [2][-]{section*.30}{Amica}{chapter*.29}% 132
\BOOKMARK [2][-]{section*.30}{Aphorisms}{chapter*.29}% 133
\BOOKMARK [2][-]{section*.30}{Toldath of Andras}{chapter*.29}% 134
\BOOKMARK [2][-]{section*.30}{Tyolus}{chapter*.29}% 135
\BOOKMARK [2][-]{section*.30}{Beltachadzer}{chapter*.29}% 136
\BOOKMARK [2][-]{section*.30}{Ascension}{chapter*.29}% 137
\BOOKMARK [2][-]{section*.30}{Avernakis}{chapter*.29}% 138
\BOOKMARK [2][-]{section*.30}{Infinite Pathway}{chapter*.29}% 139
\BOOKMARK [2][-]{section*.30}{Revelation}{chapter*.29}% 140
\BOOKMARK [2][-]{section*.30}{Unique Items}{chapter*.29}% 141
\BOOKMARK [2][-]{section*.30}{Weapons}{chapter*.29}% 142
\BOOKMARK [2][-]{section*.30}{Color Chart}{chapter*.29}% 143
\BOOKMARK [2][-]{section*.30}{Campaign Names For NPCs}{chapter*.29}% 144
\BOOKMARK [0][-]{chapter*.31}{ABC Players and Storyline}{}% 145
\BOOKMARK [1][-]{section*.32}{Introduction}{chapter*.31}% 146
\BOOKMARK [1][-]{section*.32}{Characters}{chapter*.31}% 147
\BOOKMARK [2][-]{section*.33}{Gashtai}{section*.32}% 148
\BOOKMARK [3][-]{section*.33}{What was given to the DM}{section*.32}% 149
\BOOKMARK [3][-]{section*.33}{What was given to the player}{section*.32}% 150
\BOOKMARK [2][-]{section*.33}{Victor Anderson}{section*.32}% 151
\BOOKMARK [3][-]{section*.34}{What was given to the DM}{section*.33}% 152
\BOOKMARK [3][-]{section*.34}{DM additions to backstory}{section*.33}% 153
\BOOKMARK [3][-]{section*.34}{What was given to the player}{section*.33}% 154
\BOOKMARK [2][-]{section*.34}{Candy Barr}{section*.32}% 155
\BOOKMARK [2][-]{section*.34}{Clime}{section*.32}% 156
\BOOKMARK [3][-]{section*.35}{What was given to the DM}{section*.34}% 157
\BOOKMARK [3][-]{section*.35}{What was given to the player}{section*.34}% 158
\BOOKMARK [2][-]{section*.35}{Ferrous Apollos}{section*.32}% 159
\BOOKMARK [3][-]{section*.36}{What was given to the DM}{section*.35}% 160
\BOOKMARK [3][-]{section*.36}{What was given to the Player}{section*.35}% 161
\BOOKMARK [2][-]{section*.36}{Darris McStickle}{section*.32}% 162
\BOOKMARK [3][-]{section*.37}{What was given to the DM}{section*.36}% 163
\BOOKMARK [3][-]{section*.37}{What was given to the player}{section*.36}% 164
\BOOKMARK [2][-]{section*.37}{Yzom}{section*.32}% 165
\BOOKMARK [3][-]{section*.38}{What was given to the DM}{section*.37}% 166
\BOOKMARK [3][-]{section*.38}{What was given to the player}{section*.37}% 167
\BOOKMARK [2][-]{section*.38}{Vinia Kobas}{section*.32}% 168
\BOOKMARK [3][-]{section*.39}{What was given to the DM}{section*.38}% 169
\BOOKMARK [3][-]{section*.39}{What was given to the player}{section*.38}% 170
\BOOKMARK [1][-]{section*.39}{The Adventures}{chapter*.31}% 171
\BOOKMARK [2][-]{section*.40}{Session 01 Summary: Chaos in Tempestas Part 1}{section*.39}% 172
\BOOKMARK [3][-]{section*.40}{Securing Passage to Tempestas}{section*.39}% 173
\BOOKMARK [3][-]{section*.40}{Arrival in Tempestas}{section*.39}% 174
\BOOKMARK [3][-]{section*.40}{Exploring Tempestas and the Church Incident}{section*.39}% 175
\BOOKMARK [3][-]{section*.40}{The Prison Break and Escape of Dastan}{section*.39}% 176
\BOOKMARK [2][-]{section*.40}{Session 02 Summary: Chaos in Tempestas Part 2}{section*.39}% 177
\BOOKMARK [3][-]{section*.41}{The Fortune Teller and Shady Figure}{section*.40}% 178
\BOOKMARK [3][-]{section*.41}{Traveling to the Graveyard}{section*.40}% 179
\BOOKMARK [3][-]{section*.41}{Apprehension of Ferrous}{section*.40}% 180
\BOOKMARK [3][-]{section*.41}{the Streaking Tiefling}{section*.40}% 181
\BOOKMARK [3][-]{section*.41}{Disturbing the Graves}{section*.40}% 182
\BOOKMARK [2][-]{section*.41}{Session 03 Summary: The Coalescence of Unexpected Fates}{section*.39}% 183
\BOOKMARK [3][-]{section*.42}{The Mysterious Prior of Celestas}{section*.41}% 184
\BOOKMARK [3][-]{section*.42}{The Blue Recluse Inn}{section*.41}% 185
\BOOKMARK [2][-]{section*.42}{Session 04 Summary: The Mysterious Dastan}{section*.39}% 186
\BOOKMARK [3][-]{section*.43}{The Meeting of Dastan}{section*.42}% 187
\BOOKMARK [3][-]{section*.43}{The Royal Library Drop-off}{section*.42}% 188
\BOOKMARK [3][-]{section*.43}{The Brawlers Guild}{section*.42}% 189
\BOOKMARK [3][-]{section*.43}{Harassing the Enchanter}{section*.42}% 190
\BOOKMARK [2][-]{section*.43}{Session 05 Summary: Leaving Tempestas Behind}{section*.39}% 191
\BOOKMARK [3][-]{section*.44}{The Quest of Dastan and his Companions}{section*.43}% 192
\BOOKMARK [3][-]{section*.44}{The Battle of Tempestas Harbor}{section*.43}% 193
\BOOKMARK [3][-]{section*.44}{The Great Storm}{section*.43}% 194
\BOOKMARK [2][-]{section*.44}{Session 06 Summary: Awakening on Jungle The Coast}{section*.39}% 195
\BOOKMARK [3][-]{section*.45}{`Visions' of Dreaded Meanings}{section*.44}% 196
\BOOKMARK [3][-]{section*.45}{Treading into The Unknown Forest}{section*.44}% 197
\BOOKMARK [2][-]{section*.45}{Session 07 Summary: The Eternal Marsh Part 1}{section*.39}% 198
\BOOKMARK [3][-]{section*.46}{The Binding of Flesh and Eternity}{section*.45}% 199
\BOOKMARK [3][-]{section*.46}{Drifting Down The Beach}{section*.45}% 200
\BOOKMARK [3][-]{section*.46}{An Unexpected Change}{section*.45}% 201
\BOOKMARK [3][-]{section*.46}{A Change in Terrain}{section*.45}% 202
\BOOKMARK [3][-]{section*.46}{Dangers Lurking Within the Fog}{section*.45}% 203
\BOOKMARK [2][-]{section*.46}{Session 08 Summary: The Eternal Marsh Part 2}{section*.39}% 204
\BOOKMARK [3][-]{section*.47}{Darris Verses the Marsh}{section*.46}% 205
\BOOKMARK [3][-]{section*.47}{The Elf and a Xorn}{section*.46}% 206
\BOOKMARK [3][-]{section*.47}{The Bonding of Classes}{section*.46}% 207
\BOOKMARK [3][-]{section*.47}{The Shimmering Flats}{section*.46}% 208
\BOOKMARK [2][-]{section*.47}{Session 09 Summary: Discovering Aurushire}{section*.39}% 209
\BOOKMARK [3][-]{section*.48}{The Awakening Water}{section*.47}% 210
\BOOKMARK [3][-]{section*.48}{The Demise of Darris}{section*.47}% 211
\BOOKMARK [3][-]{section*.48}{An Eternal Warning of Retribution}{section*.47}% 212
\BOOKMARK [3][-]{section*.48}{The Friendly Greeting of Aurushire}{section*.47}% 213
\BOOKMARK [2][-]{section*.48}{Session 10 Summary: The Brewery of Chen Stormstout}{section*.39}% 214
\BOOKMARK [3][-]{section*.49}{The Delicate Elixir of Chen}{section*.48}% 215
\BOOKMARK [3][-]{section*.49}{An Unexpected Find}{section*.48}% 216
\BOOKMARK [3][-]{section*.49}{The Battle of Likely Friends}{section*.48}% 217
\BOOKMARK [2][-]{section*.49}{Session 11 Summary: The Training of Brothers}{section*.39}% 218
\BOOKMARK [3][-]{section*.50}{The Stormstout Training Grounds}{section*.49}% 219
\BOOKMARK [3][-]{section*.50}{Revenge of a Fallen Ally}{section*.49}% 220
\BOOKMARK [2][-]{section*.50}{Session 12 Summary:}{section*.39}% 221
\BOOKMARK [3][-]{section*.51}{Return of a Familiar Corpse}{section*.50}% 222
\BOOKMARK [3][-]{section*.51}{Miracles of a Prior}{section*.50}% 223
