This is XeTeX, Version 3.14159265-2.6-0.99998 (MiKTeX 2.9.6300 64-bit) (preloaded format=xelatex 2017.5.22)  9 MAY 2018 20:44
entering extended mode
**./resume.tex
(resume.tex
LaTeX2e <2017-04-15>
Babel <3.9r> and hyphenation patterns for 75 language(s) loaded.
(moderncv.cls
Document Class: moderncv 2012/10/31 v1.2.0 modern curriculum vitae and letter d
ocument class
("C:\Users\User\AppData\Local\Programs\MiKTeX 2.9\tex\latex\base\size11.clo"
File: size11.clo 2014/09/29 v1.4h Standard LaTeX file (size option)
)
("C:\Users\User\AppData\Local\Programs\MiKTeX 2.9\tex\latex\etoolbox\etoolbox.s
ty"
Package: etoolbox 2017/01/02 v2.4 e-TeX tools for LaTeX (JAW)
\etb@tempcnta=\count79
) ("C:\Users\User\AppData\Local\Programs\MiKTeX 2.9\tex\latex\base\ifthen.sty"
Package: ifthen 2014/09/29 v1.1c Standard LaTeX ifthen package (DPC)
)
("C:\Users\User\AppData\Local\Programs\MiKTeX 2.9\tex\latex\xcolor\xcolor.sty"
Package: xcolor 2016/05/11 v2.12 LaTeX color extensions (UK)

("C:\Users\User\AppData\Local\Programs\MiKTeX 2.9\tex\latex\graphics-cfg\color.
cfg"
File: color.cfg 2016/01/02 v1.6 sample color configuration
)
Package xcolor Info: Driver file: xetex.def on input line 225.

("C:\Users\User\AppData\Local\Programs\MiKTeX 2.9\tex\latex\graphics-def\xetex.
def"
File: xetex.def 2016/07/11 v4.10 LaTeX color/graphics driver for XeTeX (L3/RRM/
JK)
)
Package xcolor Info: Model `cmy' substituted by `cmy0' on input line 1348.
Package xcolor Info: Model `RGB' extended on input line 1364.
Package xcolor Info: Model `HTML' substituted by `rgb' on input line 1366.
Package xcolor Info: Model `Hsb' substituted by `hsb' on input line 1367.
Package xcolor Info: Model `tHsb' substituted by `hsb' on input line 1368.
Package xcolor Info: Model `HSB' substituted by `hsb' on input line 1369.
Package xcolor Info: Model `Gray' substituted by `gray' on input line 1370.
Package xcolor Info: Model `wave' substituted by `hsb' on input line 1371.
)
("C:\Users\User\AppData\Local\Programs\MiKTeX 2.9\tex\latex\base\fontenc.sty"
Package: fontenc 2017/04/05 v2.0i Standard LaTeX package

("C:\Users\User\AppData\Local\Programs\MiKTeX 2.9\tex\latex\base\t1enc.def"
File: t1enc.def 2017/04/05 v2.0i Standard LaTeX file
LaTeX Font Info:    Redeclaring font encoding T1 on input line 48.
)
LaTeX Font Info:    Try loading font information for T1+lmr on input line 105.

("C:\Users\User\AppData\Local\Programs\MiKTeX 2.9\tex\latex\lm\t1lmr.fd"
File: t1lmr.fd 2009/10/30 v1.6 Font defs for Latin Modern
))
("C:\Users\User\AppData\Local\Programs\MiKTeX 2.9\tex\latex\lm\lmodern.sty"
Package: lmodern 2009/10/30 v1.6 Latin Modern Fonts
LaTeX Font Info:    Overwriting symbol font `operators' in version `normal'
(Font)                  OT1/cmr/m/n --> OT1/lmr/m/n on input line 22.
LaTeX Font Info:    Overwriting symbol font `letters' in version `normal'
(Font)                  OML/cmm/m/it --> OML/lmm/m/it on input line 23.
LaTeX Font Info:    Overwriting symbol font `symbols' in version `normal'
(Font)                  OMS/cmsy/m/n --> OMS/lmsy/m/n on input line 24.
LaTeX Font Info:    Overwriting symbol font `largesymbols' in version `normal'
(Font)                  OMX/cmex/m/n --> OMX/lmex/m/n on input line 25.
LaTeX Font Info:    Overwriting symbol font `operators' in version `bold'
(Font)                  OT1/cmr/bx/n --> OT1/lmr/bx/n on input line 26.
LaTeX Font Info:    Overwriting symbol font `letters' in version `bold'
(Font)                  OML/cmm/b/it --> OML/lmm/b/it on input line 27.
LaTeX Font Info:    Overwriting symbol font `symbols' in version `bold'
(Font)                  OMS/cmsy/b/n --> OMS/lmsy/b/n on input line 28.
LaTeX Font Info:    Overwriting symbol font `largesymbols' in version `bold'
(Font)                  OMX/cmex/m/n --> OMX/lmex/m/n on input line 29.
LaTeX Font Info:    Overwriting math alphabet `\mathbf' in version `normal'
(Font)                  OT1/cmr/bx/n --> OT1/lmr/bx/n on input line 31.
LaTeX Font Info:    Overwriting math alphabet `\mathsf' in version `normal'
(Font)                  OT1/cmss/m/n --> OT1/lmss/m/n on input line 32.
LaTeX Font Info:    Overwriting math alphabet `\mathit' in version `normal'
(Font)                  OT1/cmr/m/it --> OT1/lmr/m/it on input line 33.
LaTeX Font Info:    Overwriting math alphabet `\mathtt' in version `normal'
(Font)                  OT1/cmtt/m/n --> OT1/lmtt/m/n on input line 34.
LaTeX Font Info:    Overwriting math alphabet `\mathbf' in version `bold'
(Font)                  OT1/cmr/bx/n --> OT1/lmr/bx/n on input line 35.
LaTeX Font Info:    Overwriting math alphabet `\mathsf' in version `bold'
(Font)                  OT1/cmss/bx/n --> OT1/lmss/bx/n on input line 36.
LaTeX Font Info:    Overwriting math alphabet `\mathit' in version `bold'
(Font)                  OT1/cmr/bx/it --> OT1/lmr/bx/it on input line 37.
LaTeX Font Info:    Overwriting math alphabet `\mathtt' in version `bold'
(Font)                  OT1/cmtt/m/n --> OT1/lmtt/m/n on input line 38.
)
("C:\Users\User\AppData\Local\Programs\MiKTeX 2.9\tex\latex\url\url.sty"
\Urlmuskip=\muskip10
Package: url 2013/09/16  ver 3.4  Verb mode for urls, etc.
)
("C:\Users\User\AppData\Local\Programs\MiKTeX 2.9\tex\latex\graphics\graphicx.s
ty"
Package: graphicx 2014/10/28 v1.0g Enhanced LaTeX Graphics (DPC,SPQR)

("C:\Users\User\AppData\Local\Programs\MiKTeX 2.9\tex\latex\graphics\keyval.sty
"
Package: keyval 2014/10/28 v1.15 key=value parser (DPC)
\KV@toks@=\toks14
)
("C:\Users\User\AppData\Local\Programs\MiKTeX 2.9\tex\latex\graphics\graphics.s
ty"
Package: graphics 2017/04/14 v1.1b Standard LaTeX Graphics (DPC,SPQR)

("C:\Users\User\AppData\Local\Programs\MiKTeX 2.9\tex\latex\graphics\trig.sty"
Package: trig 2016/01/03 v1.10 sin cos tan (DPC)
)
("C:\Users\User\AppData\Local\Programs\MiKTeX 2.9\tex\latex\graphics-cfg\graphi
cs.cfg"
File: graphics.cfg 2016/06/04 v1.11 sample graphics configuration
)
Package graphics Info: Driver file: xetex.def on input line 99.
)
\Gin@req@height=\dimen102
\Gin@req@width=\dimen103
)
("C:\Users\User\AppData\Local\Programs\MiKTeX 2.9\tex\latex\fancyhdr\fancyhdr.s
ty"
Package: fancyhdr 2016/09/06 3.8 Extensive control of page headers and footers
\fancy@headwidth=\skip41
\f@ncyO@elh=\skip42
\f@ncyO@erh=\skip43
\f@ncyO@olh=\skip44
\f@ncyO@orh=\skip45
\f@ncyO@elf=\skip46
\f@ncyO@erf=\skip47
\f@ncyO@olf=\skip48
\f@ncyO@orf=\skip49
) ("C:\Users\User\AppData\Local\Programs\MiKTeX 2.9\tex\latex\tools\calc.sty"
Package: calc 2014/10/28 v4.3 Infix arithmetic (KKT,FJ)
\calc@Acount=\count80
\calc@Bcount=\count81
\calc@Adimen=\dimen104
\calc@Bdimen=\dimen105
\calc@Askip=\skip50
\calc@Bskip=\skip51
LaTeX Info: Redefining \setlength on input line 80.
LaTeX Info: Redefining \addtolength on input line 81.
\calc@Ccount=\count82
\calc@Cskip=\skip52
) ("C:\Users\User\AppData\Local\Programs\MiKTeX 2.9\tex\latex\xargs\xargs.sty"
Package: xargs 2008/03/22 v1.1  extended macro definitions  (mpg)
("C:\Users\User\AppData\Local\Programs\MiKTeX 2.9\tex\latex\xkeyval\xkeyval.sty
"
Package: xkeyval 2014/12/03 v2.7a package option processing (HA)

("C:\Users\User\AppData\Local\Programs\MiKTeX 2.9\tex\generic\xkeyval\xkeyval.t
ex"
("C:\Users\User\AppData\Local\Programs\MiKTeX 2.9\tex\generic\xkeyval\xkvutils.
tex"
\XKV@toks=\toks15
\XKV@tempa@toks=\toks16
)
\XKV@depth=\count83
File: xkeyval.tex 2014/12/03 v2.7a key=value parser (HA)
))
\xargs@max=\count84
\xargs@toksa=\toks17
\xargs@toksb=\toks18
)
("C:\Users\User\AppData\Local\Programs\MiKTeX 2.9\tex\latex\microtype\microtype
.sty"
Package: microtype 2018/01/14 v2.7a Micro-typographical refinements (RS)
\MT@toks=\toks19
\MT@count=\count85
LaTeX Info: Redefining \textls on input line 793.
\MT@outer@kern=\dimen106
LaTeX Info: Redefining \textmicrotypecontext on input line 1339.
\MT@listname@count=\count86

("C:\Users\User\AppData\Local\Programs\MiKTeX 2.9\tex\latex\microtype\microtype
-xetex.def"
File: microtype-xetex.def 2018/01/14 v2.7a Definitions specific to xetex (RS)
LaTeX Info: Redefining \lsstyle on input line 256.
)
Package microtype Info: Loading configuration file microtype.cfg.

("C:\Users\User\AppData\Local\Programs\MiKTeX 2.9\tex\latex\microtype\microtype
.cfg"
File: microtype.cfg 2018/01/14 v2.7a microtype main configuration file (RS)
)) (moderncvcompatibility.sty
Package: moderncvcompatibility 2012/10/31 v1.2.0 modern curriculum vitae and le
tter compatibility patches
)
("C:\Users\User\AppData\Local\Programs\MiKTeX 2.9\tex\latex\bigfoot\suffix.sty"
Package: suffix 2006/07/15 1.5a Variant command support
)
\bibindent=\skip53
 (tweaklist.sty)) (moderncvstylecasual.sty
Package: moderncvstylecasual 2012/10/31 v1.2.0 modern curriculum vitae and lett
er style scheme: casual
 (moderncvstyleclassic.sty
Package: moderncvstyleclassic 2012/10/31 v1.2.0 modern curriculum vitae and let
ter style scheme: classic
\quotewidth=\skip54
\hintscolumnwidth=\skip55
\separatorcolumnwidth=\skip56
\maincolumnwidth=\skip57
\doubleitemmaincolumnwidth=\skip58
\listitemsymbolwidth=\skip59
LaTeX Font Info:    Try loading font information for U+mvs on input line 78.

("C:\Users\User\AppData\Local\Programs\MiKTeX 2.9\tex\latex\marvosym\umvs.fd")
\listitemmaincolumnwidth=\skip60
\listdoubleitemmaincolumnwidth=\skip61
\makecvtitlenamewidth=\skip62
\baseletterheight=\skip63
\cvitemwithcommentmainbox=\box26
\cvitemwithcommentmainlength=\skip64
\cvitemwithcommentcommentlength=\skip65
)
\footerbox=\box27
\footertempbox=\box28
\footerwidth=\skip66
\footerboxwidth=\skip67
) (moderncvcolorblue.sty
Package: moderncvcolorblue 2012/10/31 v1.2.0 modern curriculum vitae and letter
 color scheme: blue
)
("C:\Users\User\AppData\Local\Programs\MiKTeX 2.9\tex\latex\geometry\geometry.s
ty"
Package: geometry 2010/09/12 v5.6 Page Geometry

("C:\Users\User\AppData\Local\Programs\MiKTeX 2.9\tex\generic\oberdiek\ifpdf.st
y"
Package: ifpdf 2017/03/15 v3.2 Provides the ifpdf switch
)
("C:\Users\User\AppData\Local\Programs\MiKTeX 2.9\tex\generic\oberdiek\ifvtex.s
ty"
Package: ifvtex 2016/05/16 v1.6 Detect VTeX and its facilities (HO)
Package ifvtex Info: VTeX not detected.
)
("C:\Users\User\AppData\Local\Programs\MiKTeX 2.9\tex\generic\ifxetex\ifxetex.s
ty"
Package: ifxetex 2010/09/12 v0.6 Provides ifxetex conditional
)
\Gm@cnth=\count87
\Gm@cntv=\count88
\c@Gm@tempcnt=\count89
\Gm@bindingoffset=\dimen107
\Gm@wd@mp=\dimen108
\Gm@odd@mp=\dimen109
\Gm@even@mp=\dimen110
\Gm@layoutwidth=\dimen111
\Gm@layoutheight=\dimen112
\Gm@layouthoffset=\dimen113
\Gm@layoutvoffset=\dimen114
\Gm@dimlist=\toks20

("C:\Users\User\AppData\Local\Programs\MiKTeX 2.9\tex\xelatex\xetexconfig\geome
try.cfg"))
("C:\Users\User\AppData\Local\Programs\MiKTeX 2.9\tex\latex\background\backgrou
nd.sty"
Package: background 2014/03/04 v2.1 background material

("C:\Users\User\AppData\Local\Programs\MiKTeX 2.9\tex\latex\pgf\frontendlayer\t
ikz.sty"
("C:\Users\User\AppData\Local\Programs\MiKTeX 2.9\tex\latex\pgf\basiclayer\pgf.
sty"
("C:\Users\User\AppData\Local\Programs\MiKTeX 2.9\tex\latex\pgf\utilities\pgfrc
s.sty"
("C:\Users\User\AppData\Local\Programs\MiKTeX 2.9\tex\generic\pgf\utilities\pgf
util-common.tex"
\pgfutil@everybye=\toks21
\pgfutil@tempdima=\dimen115
\pgfutil@tempdimb=\dimen116

("C:\Users\User\AppData\Local\Programs\MiKTeX 2.9\tex\generic\pgf\utilities\pgf
util-common-lists.tex"))
("C:\Users\User\AppData\Local\Programs\MiKTeX 2.9\tex\generic\pgf\utilities\pgf
util-latex.def"
\pgfutil@abb=\box29

("C:\Users\User\AppData\Local\Programs\MiKTeX 2.9\tex\latex\ms\everyshi.sty"
Package: everyshi 2001/05/15 v3.00 EveryShipout Package (MS)
))
("C:\Users\User\AppData\Local\Programs\MiKTeX 2.9\tex\generic\pgf\utilities\pgf
rcs.code.tex"
Package: pgfrcs 2015/08/07 v3.0.1a (rcs-revision 1.31)
))
Package: pgf 2015/08/07 v3.0.1a (rcs-revision 1.15)

("C:\Users\User\AppData\Local\Programs\MiKTeX 2.9\tex\latex\pgf\basiclayer\pgfc
ore.sty"
("C:\Users\User\AppData\Local\Programs\MiKTeX 2.9\tex\latex\pgf\systemlayer\pgf
sys.sty"
("C:\Users\User\AppData\Local\Programs\MiKTeX 2.9\tex\generic\pgf\systemlayer\p
gfsys.code.tex"
Package: pgfsys 2014/07/09 v3.0.1a (rcs-revision 1.48)

("C:\Users\User\AppData\Local\Programs\MiKTeX 2.9\tex\generic\pgf\utilities\pgf
keys.code.tex"
\pgfkeys@pathtoks=\toks22
\pgfkeys@temptoks=\toks23

("C:\Users\User\AppData\Local\Programs\MiKTeX 2.9\tex\generic\pgf\utilities\pgf
keysfiltered.code.tex"
\pgfkeys@tmptoks=\toks24
))
\pgf@x=\dimen117
\pgf@y=\dimen118
\pgf@xa=\dimen119
\pgf@ya=\dimen120
\pgf@xb=\dimen121
\pgf@yb=\dimen122
\pgf@xc=\dimen123
\pgf@yc=\dimen124
\w@pgf@writea=\write3
\r@pgf@reada=\read1
\c@pgf@counta=\count90
\c@pgf@countb=\count91
\c@pgf@countc=\count92
\c@pgf@countd=\count93
\t@pgf@toka=\toks25
\t@pgf@tokb=\toks26
\t@pgf@tokc=\toks27

("C:\Users\User\AppData\Local\Programs\MiKTeX 2.9\tex\generic\pgf\systemlayer\p
gf.cfg"
File: pgf.cfg 2008/05/14  (rcs-revision 1.7)
)
Driver file for pgf: pgfsys-xetex.def

("C:\Users\User\AppData\Local\Programs\MiKTeX 2.9\tex\generic\pgf\systemlayer\p
gfsys-xetex.def"
File: pgfsys-xetex.def 2014/07/09  (rcs-revision 1.11)

("C:\Users\User\AppData\Local\Programs\MiKTeX 2.9\tex\generic\pgf\systemlayer\p
gfsys-dvipdfmx.def"
File: pgfsys-dvipdfmx.def 2014/07/09  (rcs-revision 1.14)

("C:\Users\User\AppData\Local\Programs\MiKTeX 2.9\tex\generic\pgf\systemlayer\p
gfsys-common-pdf.def"
File: pgfsys-common-pdf.def 2013/10/10  (rcs-revision 1.13)
)
\pgfsys@objnum=\count94
)))
("C:\Users\User\AppData\Local\Programs\MiKTeX 2.9\tex\generic\pgf\systemlayer\p
gfsyssoftpath.code.tex"
File: pgfsyssoftpath.code.tex 2013/09/09  (rcs-revision 1.9)
\pgfsyssoftpath@smallbuffer@items=\count95
\pgfsyssoftpath@bigbuffer@items=\count96
)
("C:\Users\User\AppData\Local\Programs\MiKTeX 2.9\tex\generic\pgf\systemlayer\p
gfsysprotocol.code.tex"
File: pgfsysprotocol.code.tex 2006/10/16  (rcs-revision 1.4)
))
("C:\Users\User\AppData\Local\Programs\MiKTeX 2.9\tex\generic\pgf\basiclayer\pg
fcore.code.tex"
Package: pgfcore 2010/04/11 v3.0.1a (rcs-revision 1.7)

("C:\Users\User\AppData\Local\Programs\MiKTeX 2.9\tex\generic\pgf\math\pgfmath.
code.tex"
("C:\Users\User\AppData\Local\Programs\MiKTeX 2.9\tex\generic\pgf\math\pgfmathc
alc.code.tex"
("C:\Users\User\AppData\Local\Programs\MiKTeX 2.9\tex\generic\pgf\math\pgfmathu
til.code.tex")
("C:\Users\User\AppData\Local\Programs\MiKTeX 2.9\tex\generic\pgf\math\pgfmathp
arser.code.tex"
\pgfmath@dimen=\dimen125
\pgfmath@count=\count97
\pgfmath@box=\box30
\pgfmath@toks=\toks28
\pgfmath@stack@operand=\toks29
\pgfmath@stack@operation=\toks30
)
("C:\Users\User\AppData\Local\Programs\MiKTeX 2.9\tex\generic\pgf\math\pgfmathf
unctions.code.tex"
("C:\Users\User\AppData\Local\Programs\MiKTeX 2.9\tex\generic\pgf\math\pgfmathf
unctions.basic.code.tex")
("C:\Users\User\AppData\Local\Programs\MiKTeX 2.9\tex\generic\pgf\math\pgfmathf
unctions.trigonometric.code.tex")
("C:\Users\User\AppData\Local\Programs\MiKTeX 2.9\tex\generic\pgf\math\pgfmathf
unctions.random.code.tex")
("C:\Users\User\AppData\Local\Programs\MiKTeX 2.9\tex\generic\pgf\math\pgfmathf
unctions.comparison.code.tex")
("C:\Users\User\AppData\Local\Programs\MiKTeX 2.9\tex\generic\pgf\math\pgfmathf
unctions.base.code.tex")
("C:\Users\User\AppData\Local\Programs\MiKTeX 2.9\tex\generic\pgf\math\pgfmathf
unctions.round.code.tex")
("C:\Users\User\AppData\Local\Programs\MiKTeX 2.9\tex\generic\pgf\math\pgfmathf
unctions.misc.code.tex")
("C:\Users\User\AppData\Local\Programs\MiKTeX 2.9\tex\generic\pgf\math\pgfmathf
unctions.integerarithmetics.code.tex")))
("C:\Users\User\AppData\Local\Programs\MiKTeX 2.9\tex\generic\pgf\math\pgfmathf
loat.code.tex"
\c@pgfmathroundto@lastzeros=\count98
))
("C:\Users\User\AppData\Local\Programs\MiKTeX 2.9\tex\generic\pgf\basiclayer\pg
fcorepoints.code.tex"
File: pgfcorepoints.code.tex 2013/10/07  (rcs-revision 1.27)
\pgf@picminx=\dimen126
\pgf@picmaxx=\dimen127
\pgf@picminy=\dimen128
\pgf@picmaxy=\dimen129
\pgf@pathminx=\dimen130
\pgf@pathmaxx=\dimen131
\pgf@pathminy=\dimen132
\pgf@pathmaxy=\dimen133
\pgf@xx=\dimen134
\pgf@xy=\dimen135
\pgf@yx=\dimen136
\pgf@yy=\dimen137
\pgf@zx=\dimen138
\pgf@zy=\dimen139
)
("C:\Users\User\AppData\Local\Programs\MiKTeX 2.9\tex\generic\pgf\basiclayer\pg
fcorepathconstruct.code.tex"
File: pgfcorepathconstruct.code.tex 2013/10/07  (rcs-revision 1.29)
\pgf@path@lastx=\dimen140
\pgf@path@lasty=\dimen141
)
("C:\Users\User\AppData\Local\Programs\MiKTeX 2.9\tex\generic\pgf\basiclayer\pg
fcorepathusage.code.tex"
File: pgfcorepathusage.code.tex 2014/11/02  (rcs-revision 1.24)
\pgf@shorten@end@additional=\dimen142
\pgf@shorten@start@additional=\dimen143
)
("C:\Users\User\AppData\Local\Programs\MiKTeX 2.9\tex\generic\pgf\basiclayer\pg
fcorescopes.code.tex"
File: pgfcorescopes.code.tex 2015/05/08  (rcs-revision 1.46)
\pgfpic=\box31
\pgf@hbox=\box32
\pgf@layerbox@main=\box33
\pgf@picture@serial@count=\count99
)
("C:\Users\User\AppData\Local\Programs\MiKTeX 2.9\tex\generic\pgf\basiclayer\pg
fcoregraphicstate.code.tex"
File: pgfcoregraphicstate.code.tex 2014/11/02  (rcs-revision 1.12)
\pgflinewidth=\dimen144
)
("C:\Users\User\AppData\Local\Programs\MiKTeX 2.9\tex\generic\pgf\basiclayer\pg
fcoretransformations.code.tex"
File: pgfcoretransformations.code.tex 2015/08/07  (rcs-revision 1.20)
\pgf@pt@x=\dimen145
\pgf@pt@y=\dimen146
\pgf@pt@temp=\dimen147
)
("C:\Users\User\AppData\Local\Programs\MiKTeX 2.9\tex\generic\pgf\basiclayer\pg
fcorequick.code.tex"
File: pgfcorequick.code.tex 2008/10/09  (rcs-revision 1.3)
)
("C:\Users\User\AppData\Local\Programs\MiKTeX 2.9\tex\generic\pgf\basiclayer\pg
fcoreobjects.code.tex"
File: pgfcoreobjects.code.tex 2006/10/11  (rcs-revision 1.2)
)
("C:\Users\User\AppData\Local\Programs\MiKTeX 2.9\tex\generic\pgf\basiclayer\pg
fcorepathprocessing.code.tex"
File: pgfcorepathprocessing.code.tex 2013/09/09  (rcs-revision 1.9)
)
("C:\Users\User\AppData\Local\Programs\MiKTeX 2.9\tex\generic\pgf\basiclayer\pg
fcorearrows.code.tex"
File: pgfcorearrows.code.tex 2015/05/14  (rcs-revision 1.43)
\pgfarrowsep=\dimen148
)
("C:\Users\User\AppData\Local\Programs\MiKTeX 2.9\tex\generic\pgf\basiclayer\pg
fcoreshade.code.tex"
File: pgfcoreshade.code.tex 2013/07/15  (rcs-revision 1.15)
\pgf@max=\dimen149
\pgf@sys@shading@range@num=\count100
)
("C:\Users\User\AppData\Local\Programs\MiKTeX 2.9\tex\generic\pgf\basiclayer\pg
fcoreimage.code.tex"
File: pgfcoreimage.code.tex 2013/07/15  (rcs-revision 1.18)

("C:\Users\User\AppData\Local\Programs\MiKTeX 2.9\tex\generic\pgf\basiclayer\pg
fcoreexternal.code.tex"
File: pgfcoreexternal.code.tex 2014/07/09  (rcs-revision 1.21)
\pgfexternal@startupbox=\box34
))
("C:\Users\User\AppData\Local\Programs\MiKTeX 2.9\tex\generic\pgf\basiclayer\pg
fcorelayers.code.tex"
File: pgfcorelayers.code.tex 2013/07/18  (rcs-revision 1.7)
)
("C:\Users\User\AppData\Local\Programs\MiKTeX 2.9\tex\generic\pgf\basiclayer\pg
fcoretransparency.code.tex"
File: pgfcoretransparency.code.tex 2013/09/30  (rcs-revision 1.5)
)
("C:\Users\User\AppData\Local\Programs\MiKTeX 2.9\tex\generic\pgf\basiclayer\pg
fcorepatterns.code.tex"
File: pgfcorepatterns.code.tex 2013/11/07  (rcs-revision 1.5)
)))
("C:\Users\User\AppData\Local\Programs\MiKTeX 2.9\tex\generic\pgf\modules\pgfmo
duleshapes.code.tex"
File: pgfmoduleshapes.code.tex 2014/03/21  (rcs-revision 1.35)
\pgfnodeparttextbox=\box35
)
("C:\Users\User\AppData\Local\Programs\MiKTeX 2.9\tex\generic\pgf\modules\pgfmo
duleplot.code.tex"
File: pgfmoduleplot.code.tex 2015/08/03  (rcs-revision 1.13)
)
("C:\Users\User\AppData\Local\Programs\MiKTeX 2.9\tex\latex\pgf\compatibility\p
gfcomp-version-0-65.sty"
Package: pgfcomp-version-0-65 2007/07/03 v3.0.1a (rcs-revision 1.7)
\pgf@nodesepstart=\dimen150
\pgf@nodesepend=\dimen151
)
("C:\Users\User\AppData\Local\Programs\MiKTeX 2.9\tex\latex\pgf\compatibility\p
gfcomp-version-1-18.sty"
Package: pgfcomp-version-1-18 2007/07/23 v3.0.1a (rcs-revision 1.1)
))
("C:\Users\User\AppData\Local\Programs\MiKTeX 2.9\tex\latex\pgf\utilities\pgffo
r.sty"
("C:\Users\User\AppData\Local\Programs\MiKTeX 2.9\tex\latex\pgf\utilities\pgfke
ys.sty"
("C:\Users\User\AppData\Local\Programs\MiKTeX 2.9\tex\generic\pgf\utilities\pgf
keys.code.tex"))
("C:\Users\User\AppData\Local\Programs\MiKTeX 2.9\tex\latex\pgf\math\pgfmath.st
y"
("C:\Users\User\AppData\Local\Programs\MiKTeX 2.9\tex\generic\pgf\math\pgfmath.
code.tex"))
("C:\Users\User\AppData\Local\Programs\MiKTeX 2.9\tex\generic\pgf\utilities\pgf
for.code.tex"
Package: pgffor 2013/12/13 v3.0.1a (rcs-revision 1.25)

("C:\Users\User\AppData\Local\Programs\MiKTeX 2.9\tex\generic\pgf\math\pgfmath.
code.tex")
\pgffor@iter=\dimen152
\pgffor@skip=\dimen153
\pgffor@stack=\toks31
\pgffor@toks=\toks32
))
("C:\Users\User\AppData\Local\Programs\MiKTeX 2.9\tex\generic\pgf\frontendlayer
\tikz\tikz.code.tex"
Package: tikz 2015/08/07 v3.0.1a (rcs-revision 1.151)

("C:\Users\User\AppData\Local\Programs\MiKTeX 2.9\tex\generic\pgf\libraries\pgf
libraryplothandlers.code.tex"
File: pgflibraryplothandlers.code.tex 2013/08/31 v3.0.1a (rcs-revision 1.20)
\pgf@plot@mark@count=\count101
\pgfplotmarksize=\dimen154
)
\tikz@lastx=\dimen155
\tikz@lasty=\dimen156
\tikz@lastxsaved=\dimen157
\tikz@lastysaved=\dimen158
\tikzleveldistance=\dimen159
\tikzsiblingdistance=\dimen160
\tikz@figbox=\box36
\tikz@figbox@bg=\box37
\tikz@tempbox=\box38
\tikz@tempbox@bg=\box39
\tikztreelevel=\count102
\tikznumberofchildren=\count103
\tikznumberofcurrentchild=\count104
\tikz@fig@count=\count105

("C:\Users\User\AppData\Local\Programs\MiKTeX 2.9\tex\generic\pgf\modules\pgfmo
dulematrix.code.tex"
File: pgfmodulematrix.code.tex 2013/09/17  (rcs-revision 1.8)
\pgfmatrixcurrentrow=\count106
\pgfmatrixcurrentcolumn=\count107
\pgf@matrix@numberofcolumns=\count108
)
\tikz@expandcount=\count109

("C:\Users\User\AppData\Local\Programs\MiKTeX 2.9\tex\generic\pgf\frontendlayer
\tikz\libraries\tikzlibrarytopaths.code.tex"
File: tikzlibrarytopaths.code.tex 2008/06/17 v3.0.1a (rcs-revision 1.2)
)))
("C:\Users\User\AppData\Local\Programs\MiKTeX 2.9\tex\latex\everypage\everypage
.sty"
Package: everypage 2007/06/20 1.1 Hooks to run on every page
)
("C:\Users\User\AppData\Local\Programs\MiKTeX 2.9\tex\latex\tools\afterpage.sty
"
Package: afterpage 2014/10/28 v1.08 After-Page Package (DPC)
\AP@output=\toks33
\AP@partial=\box40
\AP@footins=\box41
))
("C:\Users\User\AppData\Local\Programs\MiKTeX 2.9\tex\latex\hyperref\hyperref.s
ty"
Package: hyperref 2017/03/14 v6.85a Hypertext links for LaTeX

("C:\Users\User\AppData\Local\Programs\MiKTeX 2.9\tex\generic\oberdiek\hobsub-h
yperref.sty"
Package: hobsub-hyperref 2016/05/16 v1.14 Bundle oberdiek, subset hyperref (HO)


("C:\Users\User\AppData\Local\Programs\MiKTeX 2.9\tex\generic\oberdiek\hobsub-g
eneric.sty"
Package: hobsub-generic 2016/05/16 v1.14 Bundle oberdiek, subset generic (HO)
Package: hobsub 2016/05/16 v1.14 Construct package bundles (HO)
Package: infwarerr 2016/05/16 v1.4 Providing info/warning/error messages (HO)
Package: ltxcmds 2016/05/16 v1.23 LaTeX kernel commands for general use (HO)
Package: ifluatex 2016/05/16 v1.4 Provides the ifluatex switch (HO)
Package ifluatex Info: LuaTeX not detected.
Package hobsub Info: Skipping package `ifvtex' (already loaded).
Package: intcalc 2016/05/16 v1.2 Expandable calculations with integers (HO)
Package hobsub Info: Skipping package `ifpdf' (already loaded).
Package: etexcmds 2016/05/16 v1.6 Avoid name clashes with e-TeX commands (HO)
Package etexcmds Info: Could not find \expanded.
(etexcmds)             That can mean that you are not using pdfTeX 1.50 or
(etexcmds)             that some package has redefined \expanded.
(etexcmds)             In the latter case, load this package earlier.
Package: kvsetkeys 2016/05/16 v1.17 Key value parser (HO)
Package: kvdefinekeys 2016/05/16 v1.4 Define keys (HO)
Package: pdftexcmds 2017/03/19 v0.25 Utility functions of pdfTeX for LuaTeX (HO
)
Package pdftexcmds Info: LuaTeX not detected.
Package pdftexcmds Info: pdfTeX >= 1.30 not detected.
Package pdftexcmds Info: \pdf@primitive is available.
Package pdftexcmds Info: \pdf@ifprimitive is available.
Package pdftexcmds Info: \pdfdraftmode not found.
Package: pdfescape 2016/05/16 v1.14 Implements pdfTeX's escape features (HO)
Package: bigintcalc 2016/05/16 v1.4 Expandable calculations on big integers (HO
)
Package: bitset 2016/05/16 v1.2 Handle bit-vector datatype (HO)
Package: uniquecounter 2016/05/16 v1.3 Provide unlimited unique counter (HO)
)
Package hobsub Info: Skipping package `hobsub' (already loaded).
Package: letltxmacro 2016/05/16 v1.5 Let assignment for LaTeX macros (HO)
Package: hopatch 2016/05/16 v1.3 Wrapper for package hooks (HO)
Package: xcolor-patch 2016/05/16 xcolor patch
Package: atveryend 2016/05/16 v1.9 Hooks at the very end of document (HO)
Package: atbegshi 2016/06/09 v1.18 At begin shipout hook (HO)
Package: refcount 2016/05/16 v3.5 Data extraction from label references (HO)
Package: hycolor 2016/05/16 v1.8 Color options for hyperref/bookmark (HO)
)
("C:\Users\User\AppData\Local\Programs\MiKTeX 2.9\tex\latex\oberdiek\auxhook.st
y"
Package: auxhook 2016/05/16 v1.4 Hooks for auxiliary files (HO)
)
("C:\Users\User\AppData\Local\Programs\MiKTeX 2.9\tex\latex\oberdiek\kvoptions.
sty"
Package: kvoptions 2016/05/16 v3.12 Key value format for package options (HO)
)
\@linkdim=\dimen161
\Hy@linkcounter=\count110
\Hy@pagecounter=\count111

("C:\Users\User\AppData\Local\Programs\MiKTeX 2.9\tex\latex\hyperref\pd1enc.def
"
File: pd1enc.def 2017/03/14 v6.85a Hyperref: PDFDocEncoding definition (HO)
)
\Hy@SavedSpaceFactor=\count112

("C:\Users\User\AppData\Local\Programs\MiKTeX 2.9\tex\latex\00miktex\hyperref.c
fg"
File: hyperref.cfg 2002/06/06 v1.2 hyperref configuration of TeXLive
)
Package hyperref Info: Option `unicode' set `true' on input line 4374.

("C:\Users\User\AppData\Local\Programs\MiKTeX 2.9\tex\latex\hyperref\puenc.def"
File: puenc.def 2017/03/14 v6.85a Hyperref: PDF Unicode definition (HO)
)
Package hyperref Info: Hyper figures OFF on input line 4498.
Package hyperref Info: Link nesting OFF on input line 4503.
Package hyperref Info: Hyper index ON on input line 4506.
Package hyperref Info: Plain pages OFF on input line 4513.
Package hyperref Info: Backreferencing OFF on input line 4518.
Package hyperref Info: Implicit mode ON; LaTeX internals redefined.
Package hyperref Info: Bookmarks ON on input line 4751.
\c@Hy@tempcnt=\count113
LaTeX Info: Redefining \url on input line 5104.
\XeTeXLinkMargin=\dimen162
\Fld@menulength=\count114
\Field@Width=\dimen163
\Fld@charsize=\dimen164
Package hyperref Info: Hyper figures OFF on input line 6358.
Package hyperref Info: Link nesting OFF on input line 6363.
Package hyperref Info: Hyper index ON on input line 6366.
Package hyperref Info: backreferencing OFF on input line 6373.
Package hyperref Info: Link coloring OFF on input line 6378.
Package hyperref Info: Link coloring with OCG OFF on input line 6383.
Package hyperref Info: PDF/A mode OFF on input line 6388.
LaTeX Info: Redefining \ref on input line 6428.
LaTeX Info: Redefining \pageref on input line 6432.
\Hy@abspage=\count115
\c@Item=\count116
\c@Hfootnote=\count117
)

Package hyperref Message: Driver (autodetected): hxetex.

("C:\Users\User\AppData\Local\Programs\MiKTeX 2.9\tex\latex\hyperref\hxetex.def
"
File: hxetex.def 2017/03/14 v6.85a Hyperref driver for XeTeX

("C:\Users\User\AppData\Local\Programs\MiKTeX 2.9\tex\generic\oberdiek\stringen
c.sty"
Package: stringenc 2016/05/16 v1.11 Convert strings between diff. encodings (HO
)
)
\pdfm@box=\box42
\c@Hy@AnnotLevel=\count118
\HyField@AnnotCount=\count119
\Fld@listcount=\count120
\c@bookmark@seq@number=\count121

("C:\Users\User\AppData\Local\Programs\MiKTeX 2.9\tex\latex\oberdiek\rerunfilec
heck.sty"
Package: rerunfilecheck 2016/05/16 v1.8 Rerun checks for auxiliary files (HO)
Package rerunfilecheck Info: Feature \pdfmdfivesum is not available
(rerunfilecheck)             (e.g. pdfTeX or LuaTeX with package `pdftexcmds').

(rerunfilecheck)             Therefore file contents cannot be checked efficien
tly
(rerunfilecheck)             and the loading of the package is aborted.
)
\Hy@SectionHShift=\skip68
)
Package hyperref Info: Option `breaklinks' set `true' on input line 64.
Package hyperref Info: Option `bookmarksopen' set `true' on input line 64.
 (resume.aux)
\openout1 = `resume.aux'.

LaTeX Font Info:    Checking defaults for OML/cmm/m/it on input line 64.
LaTeX Font Info:    ... okay on input line 64.
LaTeX Font Info:    Checking defaults for T1/cmr/m/n on input line 64.
LaTeX Font Info:    ... okay on input line 64.
LaTeX Font Info:    Checking defaults for OT1/cmr/m/n on input line 64.
LaTeX Font Info:    ... okay on input line 64.
LaTeX Font Info:    Checking defaults for OMS/cmsy/m/n on input line 64.
LaTeX Font Info:    ... okay on input line 64.
LaTeX Font Info:    Checking defaults for TU/lmr/m/n on input line 64.
LaTeX Font Info:    ... okay on input line 64.
LaTeX Font Info:    Checking defaults for OMX/cmex/m/n on input line 64.
LaTeX Font Info:    ... okay on input line 64.
LaTeX Font Info:    Checking defaults for U/cmr/m/n on input line 64.
LaTeX Font Info:    ... okay on input line 64.
LaTeX Font Info:    Checking defaults for PD1/pdf/m/n on input line 64.
LaTeX Font Info:    ... okay on input line 64.
LaTeX Font Info:    Checking defaults for PU/pdf/m/n on input line 64.
LaTeX Font Info:    ... okay on input line 64.
LaTeX Info: Redefining \microtypecontext on input line 64.
Package microtype Info: Character protrusion enabled (level 2).
Package microtype Info: Using default protrusion set `alltext'.
Package microtype Info: No adjustment of tracking.
Package microtype Info: No adjustment of spacing.
Package microtype Info: No adjustment of kerning.

("C:\Users\User\AppData\Local\Programs\MiKTeX 2.9\tex\latex\microtype\mt-cmr.cf
g"
File: mt-cmr.cfg 2013/05/19 v2.2 microtype config. file: Computer Modern Roman 
(RS)
)
LaTeX Font Info:    Try loading font information for T1+lmss on input line 64.
 ("C:\Users\User\AppData\Local\Programs\MiKTeX 2.9\tex\latex\lm\t1lmss.fd"
File: t1lmss.fd 2009/10/30 v1.6 Font defs for Latin Modern
)
Package microtype Info: Loading generic protrusion settings for font family
(microtype)             `lmss' (encoding: T1).
(microtype)             For optimal results, create family-specific settings.
(microtype)             See the microtype manual for details.

*geometry* detected driver: pdftex
*geometry* verbose mode - [ preamble ] result:
* driver: pdftex
* paper: a4paper
* layout: <same size as paper>
* layoutoffset:(h,v)=(0.0pt,0.0pt)
* modes: 
* h-part:(L,W,R)=(74.68848pt, 448.1309pt, 74.68849pt)
* v-part:(T,H,B)=(84.50467pt, 633.78513pt, 126.75705pt)
* \paperwidth=597.50787pt
* \paperheight=845.04684pt
* \textwidth=448.1309pt
* \textheight=633.78513pt
* \oddsidemargin=2.41849pt
* \evensidemargin=2.41849pt
* \topmargin=-24.76532pt
* \headheight=12.0pt
* \headsep=25.0pt
* \topskip=11.0pt
* \footskip=30.0pt
* \marginparwidth=50.0pt
* \marginparsep=10.0pt
* \columnsep=10.0pt
* \skip\footins=10.0pt plus 4.0pt minus 2.0pt
* \hoffset=0.0pt
* \voffset=0.0pt
* \mag=1000
* \@twocolumnfalse
* \@twosidefalse
* \@mparswitchfalse
* \@reversemarginfalse
* (1in=72.27pt=25.4mm, 1cm=28.453pt)

ABD: EveryShipout initializing macros
\AtBeginShipoutBox=\box43
Package hyperref Info: Link coloring OFF on input line 64.

("C:\Users\User\AppData\Local\Programs\MiKTeX 2.9\tex\latex\hyperref\nameref.st
y"
Package: nameref 2016/05/21 v2.44 Cross-referencing by name of section

("C:\Users\User\AppData\Local\Programs\MiKTeX 2.9\tex\generic\oberdiek\gettitle
string.sty"
Package: gettitlestring 2016/05/16 v1.5 Cleanup title references (HO)
)
\c@section@level=\count122
)
LaTeX Info: Redefining \ref on input line 64.
LaTeX Info: Redefining \pageref on input line 64.
LaTeX Info: Redefining \nameref on input line 64.
 (resume.out) (resume.out)
\@outlinefile=\write4
\openout4 = `resume.out'.

\makecvtitlepicturebox=\box44
\makecvtitlepicturewidth=\skip69

Underfull \hbox (badness 10000) in paragraph at lines 66--66

 []

LaTeX Font Info:    Try loading font information for OT1+lmr on input line 74.
("C:\Users\User\AppData\Local\Programs\MiKTeX 2.9\tex\latex\lm\ot1lmr.fd"
File: ot1lmr.fd 2009/10/30 v1.6 Font defs for Latin Modern
)
LaTeX Font Info:    Try loading font information for OML+lmm on input line 74.

("C:\Users\User\AppData\Local\Programs\MiKTeX 2.9\tex\latex\lm\omllmm.fd"
File: omllmm.fd 2009/10/30 v1.6 Font defs for Latin Modern
)
LaTeX Font Info:    Try loading font information for OMS+lmsy on input line 74.


("C:\Users\User\AppData\Local\Programs\MiKTeX 2.9\tex\latex\lm\omslmsy.fd"
File: omslmsy.fd 2009/10/30 v1.6 Font defs for Latin Modern
)
LaTeX Font Info:    Try loading font information for OMX+lmex on input line 74.


("C:\Users\User\AppData\Local\Programs\MiKTeX 2.9\tex\latex\lm\omxlmex.fd"
File: omxlmex.fd 2009/10/30 v1.6 Font defs for Latin Modern
)
LaTeX Font Info:    External font `lmex10' loaded for size
(Font)              <10.95> on input line 74.
LaTeX Font Info:    External font `lmex10' loaded for size
(Font)              <8> on input line 74.
LaTeX Font Info:    External font `lmex10' loaded for size
(Font)              <6> on input line 74.
LaTeX Font Info:    Font shape `T1/lmss/m/it' in size <10.95> not available
(Font)              Font shape `T1/lmss/m/sl' tried instead on input line 74.


LaTeX Font Warning: Font shape `T1/lmss/m/sc' in size <10.95> not available
(Font)              Font shape `T1/lmr/m/sc' tried instead on input line 91.

Package microtype Info: Character `029' is missing
(microtype)             in font `T1/lmr/m/sc/10.95'.
(microtype)             Ignoring protrusion settings for this character.

("C:\Users\User\AppData\Local\Programs\MiKTeX 2.9\tex\latex\microtype\mt-mvs.cf
g"
File: mt-mvs.cfg 2006/07/05 v1.1 microtype config. file: Marvosym Euro (RS)
)
Underfull \hbox (badness 1546) in paragraph at lines 91--91
[]\T1/lmss/bx/n/10.95 Undergraduate Re-search As-sis-tant\T1/lmss/m/n/10.95 , \
T1/lmr/m/sc/10.95 Na-tional Su-per-con-duct-ing Cy-
 []

File: BG5.jpg Graphic file (type QTm)
<use  "BG5.jpg" >
LaTeX Font Info:    Try loading font information for OMS+lmr on input line 127.


("C:\Users\User\AppData\Local\Programs\MiKTeX 2.9\tex\latex\lm\omslmr.fd"
File: omslmr.fd 2009/10/30 v1.6 Font defs for Latin Modern
)
LaTeX Font Info:    Font shape `OMS/lmr/m/sl' in size <10.95> not available
(Font)              Font shape `OMS/lmsy/m/n' tried instead on input line 127.


Package Fancyhdr Warning: \footskip is too small (30.0pt): 
 Make it at least 36.71997pt.
 We now make it that large for the rest of the document.
 This may cause the page layout to be inconsistent, however.

[1

]
File: BG5.jpg Graphic file (type QTm)
 <use  "BG5.jpg" >

Package Fancyhdr Warning: \footskip is too small (30.0pt): 
 Make it at least 36.71997pt.
 We now make it that large for the rest of the document.
 This may cause the page layout to be inconsistent, however.

[2]
File: BG5.jpg Graphic file (type QTm)
 <use  "BG5.jpg" >

Package Fancyhdr Warning: \footskip is too small (30.0pt): 
 Make it at least 36.71997pt.
 We now make it that large for the rest of the document.
 This may cause the page layout to be inconsistent, however.

[3]
Package atveryend Info: Empty hook `BeforeClearDocument' on input line 248.
Package atveryend Info: Empty hook `AfterLastShipout' on input line 248.
 (resume.aux)
Package atveryend Info: Empty hook `AtVeryEndDocument' on input line 248.
Package atveryend Info: Empty hook `AtEndAfterFileList' on input line 248.
 ) 
Here is how much of TeX's memory you used:
 20890 strings out of 427841
 369166 string characters out of 3148764
 466801 words of memory out of 3000000
 24525 multiletter control sequences out of 15000+200000
 55976 words of font info for 43 fonts, out of 3000000 for 9000
 1328 hyphenation exceptions out of 8191
 62i,13n,67p,774b,753s stack positions out of 5000i,500n,10000p,200000b,50000s

Output written on resume.pdf (3 pages).
