\BOOKMARK [0][-]{chapter*.2}{Milton Manastorm Backstory}{}% 1
\BOOKMARK [0][-]{chapter*.3}{Skills and Features}{}% 2
\BOOKMARK [1][-]{section*.4}{Class Features}{chapter*.3}% 3
\BOOKMARK [2][-]{section*.4}{Ability Scores \(level 15\)}{chapter*.3}% 4
\BOOKMARK [2][-]{section*.4}{Traits}{chapter*.3}% 5
\BOOKMARK [2][-]{section*.4}{Forest Gnome}{chapter*.3}% 6
\BOOKMARK [2][-]{section*.4}{Hit Points}{chapter*.3}% 7
\BOOKMARK [2][-]{section*.4}{Proficiencies}{chapter*.3}% 8
\BOOKMARK [2][-]{section*.4}{Equipment}{chapter*.3}% 9
\BOOKMARK [2][-]{section*.4}{Cantrips}{chapter*.3}% 10
\BOOKMARK [2][-]{section*.4}{Spells}{chapter*.3}% 11
\BOOKMARK [2][-]{section*.4}{Spellcasting Ability}{chapter*.3}% 12
\BOOKMARK [2][-]{section*.4}{Flexible Casting}{chapter*.3}% 13
\BOOKMARK [2][-]{section*.4}{Metamagic}{chapter*.3}% 14
\BOOKMARK [2][-]{section*.4}{Phoenix Sorcery}{chapter*.3}% 15
\BOOKMARK [2][-]{Item.3}{Sage}{chapter*.3}% 16
\BOOKMARK [2][-]{Item.3}{Personality}{chapter*.3}% 17
\BOOKMARK [2][-]{Item.3}{Quotes}{chapter*.3}% 18
\BOOKMARK [1][-]{Item.3}{Sorcerer Leveling Table}{chapter*.3}% 19
\BOOKMARK [1][-]{Item.3}{Spells}{chapter*.3}% 20
\BOOKMARK [2][-]{section*.5}{Fire Bolt}{Item.3}% 21
\BOOKMARK [2][-]{section*.5}{Prestidigitation}{Item.3}% 22
\BOOKMARK [2][-]{Item.9}{Minor Illusion}{Item.3}% 23
\BOOKMARK [2][-]{Item.9}{Light}{Item.3}% 24
\BOOKMARK [2][-]{Item.9}{Mage Hand}{Item.3}% 25
\BOOKMARK [2][-]{Item.9}{True Strike}{Item.3}% 26
\BOOKMARK [2][-]{Item.9}{Shocking Grasp}{Item.3}% 27
\BOOKMARK [2][-]{Item.9}{Magic Missile}{Item.3}% 28
\BOOKMARK [2][-]{Item.9}{Mage Armor}{Item.3}% 29
\BOOKMARK [2][-]{Item.9}{Shield}{Item.3}% 30
\BOOKMARK [2][-]{Item.9}{Scorching Ray}{Item.3}% 31
\BOOKMARK [2][-]{Item.9}{Mirror Image}{Item.3}% 32
\BOOKMARK [2][-]{Item.9}{Lightning Bolt}{Item.3}% 33
\BOOKMARK [2][-]{Item.9}{Blink}{Item.3}% 34
\BOOKMARK [2][-]{Item.9}{Fireball}{Item.3}% 35
\BOOKMARK [2][-]{Item.9}{Greater Invisibility}{Item.3}% 36
\BOOKMARK [2][-]{Item.9}{Confusion}{Item.3}% 37
\BOOKMARK [2][-]{Item.9}{Hold Monster}{Item.3}% 38
\BOOKMARK [2][-]{Item.9}{Disintegrate}{Item.3}% 39
\BOOKMARK [2][-]{Item.9}{Finger of Death}{Item.3}% 40
\BOOKMARK [2][-]{Item.9}{Dominate Monster}{Item.3}% 41
